C51 COMPILER V9.01   DELAY                                                                 05/04/2017 12:44:21 PAGE 1   


C51 COMPILER V9.01, COMPILATION OF MODULE DELAY
OBJECT MODULE PLACED IN .\Objects\Delay.obj
COMPILER INVOKED BY: F:\Keil\Keil5\C51\BIN\C51.EXE Delay.c OPTIMIZE(8,SPEED) BROWSE DEBUG OBJECTEXTEND PRINT(.\Listings\
                    -Delay.lst) OBJECT(.\Objects\Delay.obj)

line level    source

   1          #include <reg52.h>
   2          #include "Delay.h"
   3          
   4          void delay(int z)               //ÑÓ³Ù1msµÄ±¶Êý
   5          {
*** WARNING C235 IN LINE 5 OF DELAY.C: parameter 1: different types
   6   1              int x,y;
   7   1              for(x=z;x>0;x--)
   8   1                      for(y=110;y>0;y--);
   9   1      }
  10          
  11          void Delay_1ms()
  12          {
  13   1                      int i;
  14   1                      for(i = 110; i > 0; i--);
  15   1      }
  16          
  17          void Delay_100ms()
  18          {
  19   1                      int i;
  20   1                      for(i = 0; i < 100; i++)
  21   1                      {
  22   2                                      Delay_1ms();
  23   2                      }
  24   1      }
  25          
  26          void Delay_1s()
  27          {
  28   1          int i;
  29   1                      for(i = 0; i < 10; i++)
  30   1                      {
  31   2                                      Delay_100ms();
  32   2                      }
  33   1      }


MODULE INFORMATION:   STATIC OVERLAYABLE
   CODE SIZE        =     82    ----
   CONSTANT SIZE    =   ----    ----
   XDATA SIZE       =   ----    ----
   PDATA SIZE       =   ----    ----
   DATA SIZE        =   ----    ----
   IDATA SIZE       =   ----    ----
   BIT SIZE         =   ----    ----
END OF MODULE INFORMATION.


C51 COMPILATION COMPLETE.  1 WARNING(S),  0 ERROR(S)
