C51 COMPILER V9.01   DEMO                                                                  05/04/2017 12:44:21 PAGE 1   


C51 COMPILER V9.01, COMPILATION OF MODULE DEMO
OBJECT MODULE PLACED IN .\Objects\demo.obj
COMPILER INVOKED BY: F:\Keil\Keil5\C51\BIN\C51.EXE demo.c OPTIMIZE(8,SPEED) BROWSE DEBUG OBJECTEXTEND PRINT(.\Listings\d
                    -emo.lst) OBJECT(.\Objects\demo.obj)

line level    source

   1          #include <reg52.h>
   2          #include <intrins.h>
   3          #include "Key.h"
   4          #include "LED.h"
   5          #include "demo.h"
   6          #include "Delay.h"
   7          #include "Display.h"
   8          
   9          #define MAX_TIME 30
  10          
  11          uchar led_light1 = 0;
  12          uchar led_light2 = 0;
  13          uchar Display_1 = 0;
  14          uchar Display_2 = 0;
  15          uchar Second_1 = 0;
  16          
  17          
  18          uchar Led_On = 1;
  19          uchar Display_On = 0;
  20          uchar Second_On = 0;
  21          
  22          uchar Time = 0;
  23          uchar Score = 0;
  24          
  25          uchar Mouse;
  26          uint k;
  27          uint flag;
  28          
  29          void Init();
  30          void BEGIN();   //开始阶段，所有LED闪烁三次，蜂鸣器响三次
  31          void Sure();    //确认,按开始键，进入游戏
  32          void First();   //第一关
  33          void Sure_Next();       //按确认键进入下一关
  34          void Second();  //第二关
  35          void Sure_End();        //结束
  36          
  37          void main()
  38          {
  39   1              Init();
  40   1              //BEGIN();
  41   1              Sure();
  42   1              First();
  43   1              Sure_Next();    
  44   1              Second();
  45   1              
  46   1              while(1)
  47   1              {
  48   2                      Sure_End();
  49   2              }
  50   1      }
  51          
  52          void time0() interrupt 1
  53          {       
  54   1              if(Led_On)
C51 COMPILER V9.01   DEMO                                                                  05/04/2017 12:44:21 PAGE 2   

  55   1              {
  56   2                      TH0 = (65536-50000)/256;                //50ms
  57   2                      TL0 = (65536-50000)%256;
  58   2                      led_light1++;   
  59   2              }
  60   1              
  61   1              if(Display_On)  //倒计时
  62   1              {
  63   2                      TH0 = (65536-10000)/256;                //10ms
  64   2                      TL0 = (65536-10000)%256;
  65   2                      Display_1++;
  66   2                      Display_Time_Score(Time/10,Time%10,Score/10,Score%10);
  67   2                      if(Display_1 == 100)
  68   2                      {
  69   3                              Display_1 = 0;
  70   3                              Time--;
  71   3                      }
  72   2                      
  73   2                      if(Time == 0)
  74   2                      {
  75   3                              Display_1 = 0;
  76   3                              Display_On = 0;
  77   3                      }
  78   2              }
  79   1      
  80   1              
  81   1      }
  82          
  83          void time1() interrupt 3
  84          {
  85   1              TH1 = (65536-50000)/256;                //50ms
  86   1              TL1 = (65536-50000)%256;
  87   1              if(Second_On)
  88   1              {               
  89   2                      Second_1++;
  90   2                      if(Second_1 == 40)
  91   2                      {
  92   3                              Second_1 = 0;
  93   3                              flag = 0;
  94   3                              P1 = 0xff;
  95   3                              Mouse = _crol_(Mouse,1);                //循环左移
  96   3                              k++;
  97   3                      }
  98   2              }       
  99   1      }
 100          
 101          
 102          void Init()
 103          {
 104   1              EA = 1;
 105   1              ET0 = 1;
 106   1              TR0 = 1;
 107   1              TH0 = (65536-50000)/256;                //50ms
 108   1              TL0 = (65536-50000)%256;
 109   1              
 110   1              ET1 = 1;
 111   1              TR1 = 1;
 112   1              TMOD = 0X11;
 113   1              TH1 = (65536-50000)/256;                //50ms
 114   1              TL1 = (65536-50000)%256;
 115   1              
 116   1              LED_Init();
C51 COMPILER V9.01   DEMO                                                                  05/04/2017 12:44:21 PAGE 3   

 117   1              
 118   1              DEEP = 1;       
 119   1      }
 120          
 121          void BEGIN()
 122          {
 123   1              DEEP = 0;
 124   1              while(1)
 125   1              {
 126   2                      if(led_light1 == 20)    //闪烁三次
 127   2                      {
 128   3                              led_light1 = 0;
 129   3                              led_light2++;
 130   3                              LED_Light();
 131   3                              DEEP = ~DEEP;
 132   3                              if(led_light2 == 5)
 133   3                              {
 134   4                                      ET0 = 0;
 135   4                                      DEEP = 1;       //关闭
 136   4                                      Led_On = 0;
 137   4                                      break;
 138   4                              }               
 139   3                      }       
 140   2              }
 141   1      }
 142          
 143          void Sure()
 144          {
 145   1              LED_Now();
 146   1              while(Key() != 16);
 147   1              LED_Close();
 148   1      }
 149          
 150          void First()
 151          {
 152   1              Mouse = 0xfe;
 153   1              k = 1;
 154   1              
 155   1              Time = MAX_TIME;
 156   1              Score = 0;
 157   1              
 158   1              //游戏环节
 159   1              Display_On = 1;
 160   1              for(k = 1; Time != 0 ; k++)
 161   1              {       
 162   2                      if(k == 9)
 163   2                      {
 164   3                              k = 1;
 165   3                      }
 166   2                      
 167   2                      P1 = Mouse;
 168   2              
 169   2                      while(Key() != k && Time != 0);
 170   2                      if(Time == 0)
 171   2                      {
 172   3                              break;
 173   3                      }
 174   2                      DEEP = ~DEEP;
 175   2                      Score++;
 176   2                      P1 = 0xff;
 177   2                      Delay_100ms();
 178   2                      Mouse = _crol_(Mouse,1);                //循环左移
C51 COMPILER V9.01   DEMO                                                                  05/04/2017 12:44:21 PAGE 4   

 179   2                      DEEP = ~DEEP;
 180   2              }
 181   1              
 182   1      }
 183          
 184          void Sure_Next()
 185          {
 186   1              LED_Now();
 187   1              while(Key() != 16)
 188   1              {
 189   2                      Display_Score(Score/10,Score%10);
 190   2              }
 191   1              LED_Close();
 192   1      }
 193          
 194          void Second()
 195          {
 196   1              uchar temp;
 197   1              Mouse = 0xfe;
 198   1              k = 1;
 199   1              flag = 1;
 200   1              
 201   1              Time = MAX_TIME;
 202   1              Score = 0;
 203   1              
 204   1              //游戏环节
 205   1              Display_On = 1;
 206   1              Second_On = 1;
 207   1              while(Time != 0)
 208   1              {       
 209   2                      flag = 1;
 210   2                      if(k == 9)
 211   2                      {
 212   3                              k = 1;
 213   3                      }
 214   2                      
 215   2                      P1 = Mouse;
 216   2                      
 217   2                      do
 218   2                      {
 219   3                              temp = Key();
 220   3                      }while(temp == 0 && flag != 0);
 221   2                      
 222   2                      if(temp != 0 && temp != k)
 223   2                      {
 224   3                              if(Score > 0)
 225   3                              {
 226   4                                      Score--;
 227   4                              }
 228   3                      }
 229   2                      else
 230   2                      {
 231   3                              if(flag)
 232   3                              {
 233   4                                      DEEP = ~DEEP;
 234   4                                      Score++;
 235   4                                      P1 = 0xff;
 236   4                                      Delay_100ms();
 237   4                                      Mouse = _crol_(Mouse,1);                //循环左移
 238   4                                      k++;
 239   4                                      DEEP = ~DEEP;
 240   4                              }
C51 COMPILER V9.01   DEMO                                                                  05/04/2017 12:44:21 PAGE 5   

 241   3                      }
 242   2              }
 243   1      }
 244          
 245          void Sure_End()
 246          {
 247   1              Sure_Next();
 248   1      }


MODULE INFORMATION:   STATIC OVERLAYABLE
   CODE SIZE        =    560    ----
   CONSTANT SIZE    =   ----    ----
   XDATA SIZE       =   ----    ----
   PDATA SIZE       =   ----    ----
   DATA SIZE        =     15    ----
   IDATA SIZE       =   ----    ----
   BIT SIZE         =   ----    ----
END OF MODULE INFORMATION.


C51 COMPILATION COMPLETE.  0 WARNING(S),  0 ERROR(S)
