C51 COMPILER V9.01   DISPLAY                                                               05/04/2017 12:44:21 PAGE 1   


C51 COMPILER V9.01, COMPILATION OF MODULE DISPLAY
OBJECT MODULE PLACED IN .\Objects\Display.obj
COMPILER INVOKED BY: F:\Keil\Keil5\C51\BIN\C51.EXE Display.c OPTIMIZE(8,SPEED) BROWSE DEBUG OBJECTEXTEND PRINT(.\Listing
                    -s\Display.lst) OBJECT(.\Objects\Display.obj)

line level    source

   1          #include <reg52.h>
   2          #include "Delay.h"
   3          #include "Display.h"
   4          
   5          unsigned char code table[]={
   6          0x3f,0x06,0x5b,0x4f,
   7          0x66,0x6d,0x7d,0x07,
   8          0x7f,0x6f,0x77,0x7c,
   9          0x39,0x5e,0x79,0x71};
  10          
  11          void Display_Time(unsigned char a, unsigned char b)
  12          {
  13   1              dula=1;
  14   1              P0=table[a];
  15   1              dula=0;         
  16   1              P0=0xff;                
  17   1              wela=1;
  18   1              P0=0xfe;
  19   1              wela=0;
  20   1              delay(1);
  21   1      
  22   1              dula=1;
  23   1              P0=table[b];
  24   1              dula=0;
  25   1              P0=0xff;
  26   1              wela=1;
  27   1              P0=0xfd;
  28   1              wela=0;
  29   1              delay(1);
  30   1      }
  31          
  32          void Display_Score(unsigned char a, unsigned char b)
  33          {
  34   1              dula=1;
  35   1              P0=table[a];
  36   1              dula=0;         
  37   1              P0=0xff;                
  38   1              wela=1;
  39   1              P0=0xef;
  40   1              wela=0;
  41   1              delay(1);
  42   1      
  43   1              dula=1;
  44   1              P0=table[b];
  45   1              dula=0;
  46   1              P0=0xff;
  47   1              wela=1;
  48   1              P0=0xdf;
  49   1              wela=0;
  50   1              delay(1);
  51   1      }
  52          
  53          void Display_Time_Score(unsigned char time1, unsigned char time2,unsigned char score1, unsigned char score
             -2)
C51 COMPILER V9.01   DISPLAY                                                               05/04/2017 12:44:21 PAGE 2   

  54          {
  55   1              dula=1;
  56   1              P0=table[time1];
  57   1              dula=0;         
  58   1              P0=0xff;                
  59   1              wela=1;
  60   1              P0=0xfe;
  61   1              wela=0;
  62   1              delay(1);
  63   1      
  64   1              dula=1;
  65   1              P0=table[time2];
  66   1              dula=0;
  67   1              P0=0xff;
  68   1              wela=1;
  69   1              P0=0xfd;
  70   1              wela=0;
  71   1              delay(1);
  72   1              
  73   1              dula=1;
  74   1              P0=table[score1];
  75   1              dula=0;         
  76   1              P0=0xff;                
  77   1              wela=1;
  78   1              P0=0xef;
  79   1              wela=0;
  80   1              delay(1);
  81   1      
  82   1              dula=1;
  83   1              P0=table[score2];
  84   1              dula=0;
  85   1              P0=0xff;
  86   1              wela=1;
  87   1              P0=0xdf;
  88   1              wela=0;
  89   1              delay(1);
  90   1      }


MODULE INFORMATION:   STATIC OVERLAYABLE
   CODE SIZE        =    237    ----
   CONSTANT SIZE    =     16    ----
   XDATA SIZE       =   ----    ----
   PDATA SIZE       =   ----    ----
   DATA SIZE        =   ----       6
   IDATA SIZE       =   ----    ----
   BIT SIZE         =   ----    ----
END OF MODULE INFORMATION.


C51 COMPILATION COMPLETE.  0 WARNING(S),  0 ERROR(S)
