C51 COMPILER V9.01   KEY                                                                   05/04/2017 12:44:21 PAGE 1   


C51 COMPILER V9.01, COMPILATION OF MODULE KEY
OBJECT MODULE PLACED IN .\Objects\Key.obj
COMPILER INVOKED BY: F:\Keil\Keil5\C51\BIN\C51.EXE Key.c OPTIMIZE(8,SPEED) BROWSE DEBUG OBJECTEXTEND PRINT(.\Listings\Ke
                    -y.lst) OBJECT(.\Objects\Key.obj)

line level    source

   1          #include <reg52.h>
   2          #include "Delay.h"
   3          #include "Key.h"
   4          
   5          unsigned char Key()
   6          {
   7   1              unsigned char num = 0;
   8   1              unsigned char temp;
   9   1      
  10   1              P3 = 0xfe;
  11   1              temp = P3;
  12   1              temp = temp&0xf0;
  13   1              while(temp!=0xf0)
  14   1              {
  15   2                      delay(1);
  16   2                      temp = P3;
  17   2                      temp = temp&0xf0;
  18   2                      while(temp!=0xf0)
  19   2                      {
  20   3                              temp=P3;
  21   3                              switch(temp)
  22   3                              {
  23   4                                      case 0xee:num=1;
  24   4                                              break;
  25   4                                      case 0xde:num=2;
  26   4                                              break;
  27   4                                      case 0xbe:num=3;
  28   4                                              break;
  29   4                                      case 0x7e:num=4;
  30   4                                              break;
  31   4                              }
  32   3                              while(temp!=0xf0)
  33   3                              {
  34   4                                      temp=P3;
  35   4                                      temp=temp&0xf0;
  36   4                              }
  37   3                      }
  38   2              }
  39   1      
  40   1              P3=0xfd;
  41   1              temp=P3;
  42   1              temp=temp&0xf0;
  43   1              while(temp!=0xf0)
  44   1              {
  45   2                      delay(1);
  46   2                      temp=P3;
  47   2                      temp=temp&0xf0;
  48   2                      while(temp!=0xf0)
  49   2                      {
  50   3                              temp=P3;
  51   3                              switch(temp)
  52   3                              {
  53   4                                      case 0xed:num=5;
  54   4                                              break;
C51 COMPILER V9.01   KEY                                                                   05/04/2017 12:44:21 PAGE 2   

  55   4                                      case 0xdd:num=6;
  56   4                                              break;
  57   4                                      case 0xbd:num=7;
  58   4                                              break;
  59   4                                      case 0x7d:num=8;
  60   4                                              break;
  61   4                              }
  62   3                              while(temp!=0xf0)
  63   3                              {
  64   4                                      temp=P3;
  65   4                                      temp=temp&0xf0;
  66   4                              }
  67   3                      }
  68   2              }
  69   1      
  70   1      
  71   1              P3=0xfb;
  72   1              temp=P3;
  73   1              temp=temp&0xf0;
  74   1              while(temp!=0xf0)
  75   1              {
  76   2                      delay(1);
  77   2                      temp=P3;
  78   2                      temp=temp&0xf0;
  79   2                      while(temp!=0xf0)
  80   2                      {
  81   3                              temp=P3;
  82   3                              switch(temp)
  83   3                              {
  84   4                                      case 0xeb:num=9;
  85   4                                              break;
  86   4                                      case 0xdb:num=10;
  87   4                                              break;
  88   4                                      case 0xbb:num=11;
  89   4                                              break;
  90   4                                      case 0x7b:num=12;
  91   4                                              break;
  92   4                              }
  93   3                              while(temp!=0xf0)
  94   3                              {
  95   4                                      temp=P3;
  96   4                                      temp=temp&0xf0;
  97   4                              }
  98   3                      }
  99   2              }
 100   1      
 101   1      
 102   1              P3=0xf7;
 103   1              temp=P3;
 104   1              temp=temp&0xf0;
 105   1              while(temp!=0xf0)
 106   1              {
 107   2                      delay(1);
 108   2                      temp=P3;
 109   2                      temp=temp&0xf0;
 110   2                      while(temp!=0xf0)
 111   2                      {
 112   3                              temp=P3;
 113   3                              switch(temp)
 114   3                              {
 115   4                                      case 0xe7:num=13;
 116   4                                              break;
C51 COMPILER V9.01   KEY                                                                   05/04/2017 12:44:21 PAGE 3   

 117   4                                      case 0xd7:num=14;
 118   4                                              break;
 119   4                                      case 0xb7:num=15;
 120   4                                              break;
 121   4                                      case 0x77:num=16;
 122   4                                              break;
 123   4                              }
 124   3                              while(temp!=0xf0)
 125   3                              {
 126   4                                      temp=P3;
 127   4                                      temp=temp&0xf0;
 128   4                              }
 129   3                      }
 130   2              }
 131   1      
 132   1              return num;
 133   1      }


MODULE INFORMATION:   STATIC OVERLAYABLE
   CODE SIZE        =    354    ----
   CONSTANT SIZE    =   ----    ----
   XDATA SIZE       =   ----    ----
   PDATA SIZE       =   ----    ----
   DATA SIZE        =   ----       2
   IDATA SIZE       =   ----    ----
   BIT SIZE         =   ----    ----
END OF MODULE INFORMATION.


C51 COMPILATION COMPLETE.  0 WARNING(S),  0 ERROR(S)
