C51 COMPILER V7.06   作_2                                                                 07/14/2016 16:25:34 PAGE 1   


C51 COMPILER V7.06, COMPILATION OF MODULE 作_2
OBJECT MODULE PLACED IN 作业2.OBJ
COMPILER INVOKED BY: D:\Keil\C51\BIN\C51.EXE 作业2.C BROWSE DEBUG OBJECTEXTEND

stmt level    source

   1          #include<reg52.h>
   2          #define uint unsigned int
   3          #define uchar unsigned char
   4          sbit dula=P2^6;
   5          sbit wela=P2^7;
   6          
   7          
   8          uchar code table[]={
   9          0xbf,0x86,0xdb,0xcf,
  10          0xe6,0xed,0xfd,0x87,
  11          0xff,0xef};
  12          uchar code table1[]={
  13          0x3f,0x06,0x5b,0x4f,
  14          0x66,0x6d,0x7d,0x07,
  15          0x7f,0x6f};
  16          uint j,k,t,s;
  17          uint i=0;
  18          
  19          void delay(uint z)
  20          {
  21   1              uint x,y;
  22   1              for(x=z;x>0;x--)
  23   1                      for(y=110;y>0;y--);
  24   1      }
  25          
  26          void main()
  27          {
  28   1              
  29   1              EA=1;
  30   1              ET1=1;
  31   1              TMOD=0X10;
  32   1              TR1=1;
  33   1              TH1=(65536-10000)/256;
  34   1              TL1=(65536-10000)%256;
  35   1              while(1)
  36   1              {
  37   2              
  38   2              }
  39   1      }
  40          
  41          
  42          void time0() interrupt 3
  43          {
  44   1              TH1=(65536-10000)/256;
  45   1              TL1=(65536-10000)%256;
  46   1              i++;
  47   1              if(i==1000)
  48   1                      i=0;
  49   1                      
  50   1      
  51   1              j=i/100;
  52   1              k=i%100/10;
  53   1              t=i%10;
  54   1      
  55   1              wela=1;
C51 COMPILER V7.06   作_2                                                                 07/14/2016 16:25:34 PAGE 2   

  56   1              P0=0xf8;
  57   1              wela=0;
  58   1              P0=0xff;
  59   1              dula=1;
  60   1              P0=table1[t];
  61   1              dula=0;
  62   1              delay(1);
  63   1      
  64   1              wela=1;
  65   1              P0=0xfd;
  66   1              wela=0;
  67   1              P0=0xff;
  68   1              dula=1;
  69   1              P0=table1[k];
  70   1              dula=0;
  71   1              delay(1);
  72   1      
  73   1              wela=1;
  74   1              P0=0xfe;
  75   1              wela=0;
  76   1              P0=0xff;
  77   1              dula=1;
  78   1              P0=table[j];
  79   1              dula=0;
  80   1              delay(1);
  81   1      
  82   1      }


MODULE INFORMATION:   STATIC OVERLAYABLE
   CODE SIZE        =    243    ----
   CONSTANT SIZE    =     20    ----
   XDATA SIZE       =   ----    ----
   PDATA SIZE       =   ----    ----
   DATA SIZE        =     10    ----
   IDATA SIZE       =   ----    ----
   BIT SIZE         =   ----    ----
END OF MODULE INFORMATION.


C51 COMPILATION COMPLETE.  0 WARNING(S),  0 ERROR(S)
