C51 COMPILER V7.06   作_3                                                                 07/17/2016 19:07:29 PAGE 1   


C51 COMPILER V7.06, COMPILATION OF MODULE 作_3
OBJECT MODULE PLACED IN 作业3.OBJ
COMPILER INVOKED BY: D:\Keil\C51\BIN\C51.EXE 作业3.c BROWSE DEBUG OBJECTEXTEND

stmt level    source

   1          #include<reg52.h>
   2          #include <intrins.h>
   3          #define uint unsigned int
   4          #define uchar unsigned char
   5          sbit dula=P2^6;
   6          sbit wela=P2^7;
   7          
   8          uchar code num[]={
   9          0x3f,0x06,0x5b,0x4f,
  10          0x66,0x6d,0x7d,0x07,
  11          0x7f,0x6f};//字符
  12          
  13          uchar code hello[]={
  14          0x76,0x79,0x38,0x38,0x3f};//HELLO
  15          
  16          void delay(uint z)      //延时程序
  17          {
  18   1              uint x,y;
  19   1              for(x=z;x>0;x--)
  20   1                      for(y=110;y>0;y--);
  21   1      }
  22          
  23          void display2()
  24          {
  25   1              
  26   1              wela=1;
  27   1              P0=0xfe;
  28   1              wela=0;
  29   1              P0=0xff;
  30   1              dula=1;
  31   1              P0=hello[0];
  32   1              dula=0;
  33   1              delay(1);
  34   1      
  35   1              wela=1;
  36   1              P0=0xfd;
  37   1              wela=0;
  38   1              P0=0xff;
  39   1              dula=1;
  40   1              P0=hello[1];
  41   1              dula=0;
  42   1              delay(1);
  43   1      
  44   1              wela=1;
  45   1              P0=0xfb;
  46   1              wela=0;
  47   1              P0=0xff;
  48   1              dula=1;
  49   1              P0=hello[2];
  50   1              dula=0;
  51   1              delay(1);
  52   1      
  53   1              wela=1;
  54   1              P0=0xf7;
  55   1              wela=0;
C51 COMPILER V7.06   作_3                                                                 07/17/2016 19:07:29 PAGE 2   

  56   1              P0=0xff;
  57   1              dula=1;
  58   1              P0=hello[3];
  59   1              dula=0;
  60   1              delay(1);
  61   1      
  62   1              wela=1;
  63   1              P0=0xef;
  64   1              wela=0;
  65   1              P0=0xff;
  66   1              dula=1;
  67   1              P0=hello[4];
  68   1              dula=0;
  69   1              delay(1);
  70   1      }
  71          
  72          void display1(uint x,uint y,uint z)//显示程序
  73          {
  74   1              wela=1;
  75   1              P0=0xfe;
  76   1              wela=0;
  77   1              P0=0xff;
  78   1              dula=1;
  79   1              P0=num[7];
  80   1              dula=0;
  81   1              delay(1);
  82   1      
  83   1              wela=1;
  84   1              P0=0xfd;
  85   1              wela=0;
  86   1              P0=0xff;
  87   1              dula=1;
  88   1              P0=num[6];
  89   1              dula=0;
  90   1              delay(1);
  91   1              
  92   1              wela=1;
  93   1              P0=0xfb;
  94   1              wela=0;
  95   1              P0=0xff;
  96   1              dula=1;
  97   1              P0=num[5];
  98   1              dula=0;
  99   1              delay(1);
 100   1      
 101   1              wela=1;
 102   1              P0=0xf7;
 103   1              wela=0;
 104   1              P0=0xff;
 105   1              dula=1;
 106   1              P0=num[z];
 107   1              dula=0;
 108   1              delay(1);
 109   1      
 110   1              wela=1;
 111   1              P0=0xef;
 112   1              wela=0;
 113   1              P0=0xff;
 114   1              dula=1;
 115   1              P0=num[y];
 116   1              dula=0;
 117   1              delay(1);
C51 COMPILER V7.06   作_3                                                                 07/17/2016 19:07:29 PAGE 3   

 118   1      
 119   1              wela=1;
 120   1              P0=0xdf;
 121   1              wela=0;
 122   1              P0=0xff;
 123   1              dula=1;
 124   1              P0=num[x];
 125   1              dula=0;
 126   1              delay(1);
 127   1      
 128   1      
 129   1      }
 130          
 131          uint i,j,x,y,z,aa,flag,flag1;
 132          uint k=432;
 133          uint t=0xfe;
 134          void main()
 135          {
 136   1              EA=1;
 137   1              ET0=1;
 138   1              ET1=1;
 139   1              TMOD=0X11;
 140   1              TR0=1;
 141   1              TH0=(65536-50000)/256;
 142   1              TL0=(65536-50000)%256;
 143   1              TR1=1;
 144   1              TH1=(65536-50000)/256;
 145   1              TL1=(65536-50000)%256;
 146   1              while(1)
 147   1              {
 148   2                      if(flag1!=1)
 149   2                              display1(x,y,z);
 150   2                                      
 151   2                      else
 152   2                                      display2();
 153   2                              
 154   2                              
 155   2              }
 156   1      
 157   1      }
 158          
 159          void time1() interrupt 3
 160          {
 161   1              TH1=(65536-50000)/256;
 162   1              TL1=(65536-50000)%256;
 163   1              aa++;
 164   1              if(aa==2)
 165   1              {
 166   2              aa=0;
 167   2              x=k%10;
 168   2              y=k%100/10;
 169   2              z=k/100;
 170   2              
 171   2              if(k==398)
 172   2                      {
 173   3                              TR0=0;
 174   3                              TH0=(65536-50000)/256;
 175   3                              TL0=(65536-50000)%256;
 176   3                              TR0=1;
 177   3                              flag=1;
 178   3                              j=0;
 179   3                              P1=0xff;
C51 COMPILER V7.06   作_3                                                                 07/17/2016 19:07:29 PAGE 4   

 180   3                              TR1=0;
 181   3                      }k--;
 182   2      
 183   2              }
 184   1              
 185   1              
 186   1      }
 187          
 188          
 189          void time0() interrupt 1
 190          {
 191   1              TH0=(65536-50000)/256;
 192   1              TL0=(65536-50000)%256;
 193   1              j++;
 194   1              if(flag==0)
 195   1              {
 196   2                      if(j==10)
 197   2                      {       
 198   3                      j=0;
 199   3                      P1=t;
 200   3                      t=_crol_(t,1);
 201   3                      }
 202   2              }
 203   1              else
 204   1              {
 205   2                      if(j%4==0)
 206   2                                      P1=~P1;
 207   2                      if(j==60)
 208   2                      {
 209   3                              TR0=0;
 210   3                              P1=0xff;
 211   3                              flag1=1;
 212   3                      }
 213   2              }
 214   1      
 215   1      }       
 216          
 217          
 218          
 219          


MODULE INFORMATION:   STATIC OVERLAYABLE
   CODE SIZE        =    556    ----
   CONSTANT SIZE    =     15    ----
   XDATA SIZE       =   ----    ----
   PDATA SIZE       =   ----    ----
   DATA SIZE        =     20       4
   IDATA SIZE       =   ----    ----
   BIT SIZE         =   ----    ----
END OF MODULE INFORMATION.


C51 COMPILATION COMPLETE.  0 WARNING(S),  0 ERROR(S)
