C51 COMPILER V7.06   MAIN                                                                  01/07/2010 10:11:49 PAGE 1   


C51 COMPILER V7.06, COMPILATION OF MODULE MAIN
OBJECT MODULE PLACED IN main.OBJ
COMPILER INVOKED BY: C:\Keil\C51\BIN\C51.EXE main.c BROWSE DEBUG OBJECTEXTEND

stmt level    source

   1          #include<reg51.h>
   2          sbit wela=P2^7;
   3          sbit dula=P2^6;
   4          sbit dawr=P3^6;
   5          sbit csda=P3^2;
   6          unsigned char a,j,k;
   7          void delay(unsigned char i)
   8          {
   9   1        for(j=i;j>0;j--)
  10   1          for(k=125;k>0;k--);
  11   1      }
  12          void main()
  13          {
  14   1        wela=0;
  15   1        dula=0;
  16   1        csda=0;
  17   1        a=0;
  18   1        dawr=0;
  19   1        while(1)
  20   1        {
  21   2      
  22   2        P0=a;
  23   2        P1=~a;
  24   2       // dawr=1;
  25   2        delay(50);
  26   2       // delay(200);
  27   2        //  delay(200);
  28   2       // delay(200);
  29   2        a++;
  30   2        }
  31   1      
  32   1      
  33   1        //wela=0;
  34   1        //P0=0xff;
  35   1        //wela=1;
  36   1       // wela=0;
  37   1      
  38   1      }


MODULE INFORMATION:   STATIC OVERLAYABLE
   CODE SIZE        =     48    ----
   CONSTANT SIZE    =   ----    ----
   XDATA SIZE       =   ----    ----
   PDATA SIZE       =   ----    ----
   DATA SIZE        =      3    ----
   IDATA SIZE       =   ----    ----
   BIT SIZE         =   ----    ----
END OF MODULE INFORMATION.


C51 COMPILATION COMPLETE.  0 WARNING(S),  0 ERROR(S)
