C51 COMPILER V7.06   1                                                                     07/24/2016 00:07:17 PAGE 1   


C51 COMPILER V7.06, COMPILATION OF MODULE 1
OBJECT MODULE PLACED IN 1.OBJ
COMPILER INVOKED BY: D:\Keil\C51\BIN\C51.EXE 1.C BROWSE DEBUG OBJECTEXTEND

stmt level    source

   1          //用单片机点亮第一盏灯
   2          #include<reg52.h>
   3          void main()
   4          {
   5   1              P1=0xfe;
   6   1      }


MODULE INFORMATION:   STATIC OVERLAYABLE
   CODE SIZE        =      4    ----
   CONSTANT SIZE    =   ----    ----
   XDATA SIZE       =   ----    ----
   PDATA SIZE       =   ----    ----
   DATA SIZE        =   ----    ----
   IDATA SIZE       =   ----    ----
   BIT SIZE         =   ----    ----
END OF MODULE INFORMATION.


C51 COMPILATION COMPLETE.  0 WARNING(S),  0 ERROR(S)
