C51 COMPILER V7.06   12                                                                    07/24/2016 12:23:30 PAGE 1   


C51 COMPILER V7.06, COMPILATION OF MODULE 12
OBJECT MODULE PLACED IN 12.OBJ
COMPILER INVOKED BY: D:\Keil\C51\BIN\C51.EXE 12.C BROWSE DEBUG OBJECTEXTEND

stmt level    source

   1          //完成8个LED灯从右往左依次变化的功能
   2          #include<reg52.h>
   3          void ys(void)
   4          {
   5   1              unsigned char m,n;
   6   1              for(m=0;m<100;m++)
   7   1              for(n=0;n<200;n++)
   8   1                              ;
   9   1      }
  10          
  11          void main(void)
  12          {
  13   1              do 
  14   1              {
  15   2                      P1=0xfe;
  16   2                      ys();
  17   2                      P1=0xfd;
  18   2                      ys();
  19   2                      P1=0xfb;
  20   2                                      ys();
  21   2                      P1=0xf7;
  22   2                                      ys();
  23   2                      P1=0xef;
  24   2                                      ys();
  25   2                      P1=0xdf;
  26   2                                      ys();
  27   2                      P1=0xbf;
  28   2                                      ys();
  29   2                      P1=0x7f;
  30   2                                      ys();
  31   2              }
  32   1              while(1);
  33   1      }


MODULE INFORMATION:   STATIC OVERLAYABLE
   CODE SIZE        =     63    ----
   CONSTANT SIZE    =   ----    ----
   XDATA SIZE       =   ----    ----
   PDATA SIZE       =   ----    ----
   DATA SIZE        =   ----    ----
   IDATA SIZE       =   ----    ----
   BIT SIZE         =   ----    ----
END OF MODULE INFORMATION.


C51 COMPILATION COMPLETE.  0 WARNING(S),  0 ERROR(S)
