C51 COMPILER V7.06   13                                                                    07/24/2016 12:29:14 PAGE 1   


C51 COMPILER V7.06, COMPILATION OF MODULE 13
OBJECT MODULE PLACED IN 13.OBJ
COMPILER INVOKED BY: D:\Keil\C51\BIN\C51.EXE 13.C BROWSE DEBUG OBJECTEXTEND

stmt level    source

   1          //完成8个LED灯从低位到高位依次变化的功能
   2          #include<reg52.h>
   3          void ys(void)
   4          {
   5   1              unsigned char m,n;
   6   1              for(m=0;m<100;m++)
   7   1              for(n=0;n<200;n++)
   8   1                      ;
   9   1      }
  10          
  11          void main(void)
  12          {
  13   1              unsigned char i;
  14   1              unsigned char code Tab[] = {0xfe,0xfd,0xfb,0xf7,0xef,0xdf,0xbf,0x7f};
  15   1              while(1)
  16   1              {
  17   2                      for(i=0;i<8;i++)
  18   2                      {
  19   3                              P1 = Tab[i];
  20   3                              ys();   
  21   3                      }
  22   2              }
  23   1      }


MODULE INFORMATION:   STATIC OVERLAYABLE
   CODE SIZE        =     31    ----
   CONSTANT SIZE    =      8    ----
   XDATA SIZE       =   ----    ----
   PDATA SIZE       =   ----    ----
   DATA SIZE        =   ----    ----
   IDATA SIZE       =   ----    ----
   BIT SIZE         =   ----    ----
END OF MODULE INFORMATION.


C51 COMPILATION COMPLETE.  0 WARNING(S),  0 ERROR(S)
