C51 COMPILER V7.06   15                                                                    07/24/2016 12:44:15 PAGE 1   


C51 COMPILER V7.06, COMPILATION OF MODULE 15
OBJECT MODULE PLACED IN 15.OBJ
COMPILER INVOKED BY: D:\Keil\C51\BIN\C51.EXE 15.C BROWSE DEBUG OBJECTEXTEND

stmt level    source

   1          //完成8个LED灯依次变化的功能
   2          #include<reg52.h>
   3          void ys(void)
   4          {
   5   1              unsigned char m,n;
   6   1              for(m=0;m<200;m++)
   7   1              for(n=0;n<250;n++)
   8   1                      ;
   9   1      }
  10          
  11          void main(void)
  12          {
  13   1              unsigned char i;
  14   1              unsigned char Tab[] = {0xff,0xfe,0xfd,0xfb,0xf7,
  15   1                                                              0xef,0xdf,0xbf,0x7f,0xbf,
  16   1                                                              0xdf,0xef,0xf7,0xfb,0xfd,
  17   1                                                              0xfe,0xfe,0xfc,0xf8,0xf0,0xe0,0xc0,0x80,0x00,
  18   1                                                              0xe7,0xdb,0xbd,0x7e,0x3c,0x18,0x00,0x81,
  19   1                                                              0xc3,0xe7,0x7e,0xbd,0xdb,0xe7,0xbd,0xdb};
  20   1              unsigned char *p;
  21   1              p=Tab;
  22   1              while(1)
  23   1              {
  24   2                      for(i=0;i<32;i++)
  25   2                      {
  26   3                              P1=*(p+i);
  27   3                              ys();
  28   3                      }
  29   2              }
  30   1      }


MODULE INFORMATION:   STATIC OVERLAYABLE
   CODE SIZE        =     68    ----
   CONSTANT SIZE    =     40    ----
   XDATA SIZE       =   ----    ----
   PDATA SIZE       =   ----    ----
   DATA SIZE        =   ----      43
   IDATA SIZE       =   ----    ----
   BIT SIZE         =   ----    ----
END OF MODULE INFORMATION.


C51 COMPILATION COMPLETE.  0 WARNING(S),  0 ERROR(S)
