C51 COMPILER V7.06   18                                                                    07/24/2016 22:19:53 PAGE 1   


C51 COMPILER V7.06, COMPILATION OF MODULE 18
OBJECT MODULE PLACED IN 18.OBJ
COMPILER INVOKED BY: D:\Keil\C51\BIN\C51.EXE 18.C BROWSE DEBUG OBJECTEXTEND

stmt level    source

   1          //完成LED灯依次变化
   2          #include<reg52.h>
   3          void ys(void)
   4          {
   5   1              unsigned char m,n;
   6   1              for(m=0;m<200;m++)
   7   1              for(n=0;n<250;n++)
   8   1                              ;
   9   1      }
  10          
  11          void led (unsigned char a[8])
  12          {
  13   1              unsigned char i;
  14   1              for(i=0;i<8;i++)
  15   1              {
  16   2                      P1 = a[i];
  17   2                      ys();
  18   2              }
  19   1      }
  20          
  21          void main(void)
  22          {
  23   1              unsigned char Tab[] = {0xfe,0xfd,0xfb,0xf7,0xef,0xdf,0xbf,0x7f};
  24   1              led(Tab);
  25   1      }


MODULE INFORMATION:   STATIC OVERLAYABLE
   CODE SIZE        =     73    ----
   CONSTANT SIZE    =      8    ----
   XDATA SIZE       =   ----    ----
   PDATA SIZE       =   ----    ----
   DATA SIZE        =   ----      11
   IDATA SIZE       =   ----    ----
   BIT SIZE         =   ----    ----
END OF MODULE INFORMATION.


C51 COMPILATION COMPLETE.  0 WARNING(S),  0 ERROR(S)
