C51 COMPILER V7.06   19                                                                    07/24/2016 22:30:06 PAGE 1   


C51 COMPILER V7.06, COMPILATION OF MODULE 19
OBJECT MODULE PLACED IN 19.OBJ
COMPILER INVOKED BY: D:\Keil\C51\BIN\C51.EXE 19.C BROWSE DEBUG OBJECTEXTEND

stmt level    source

   1          //完成8个LED灯依次变化
   2          #include<reg52.h>
   3          void ys(void)
   4          {
   5   1              unsigned char m,n;
   6   1              for(m=0;m<200;m++)
   7   1              for(n=0;n<250;n++)
   8   1                      ;
   9   1      }
  10          
  11          void led(unsigned char *p)
  12          {
  13   1              unsigned char i;
  14   1              while(1)
  15   1              {
  16   2                      i = 0;
  17   2                      while(*(p+i) != '\0')
  18   2                      {
  19   3                              P1 = *(p+i);
  20   3                              ys();
  21   3                              i++;
  22   3                      }
  23   2              }
  24   1      }
  25          
  26          void main(void)
  27          {
  28   1              unsigned char code Tab[] = {0xff,0xfe,0xfd,0xfb,0xf7,
  29   1                                                              0xef,0xdf,0xbf,0x7f,0xbf,
  30   1                                                              0xdf,0xef,0xf7,0xfb,0xfd,
  31   1                                                              0xfe,0xfe,0xfc,0xf8,0xf0,0xe0,0xc0,0x80,
  32   1                                                              0xe7,0xdb,0xbd,0x7e,0x3c,0x18,0x81,
  33   1                                                              0xc3,0xe7,0x7e,0xbd,0xdb,0xe7,0xbd,0xdb};
  34   1      
  35   1              led(Tab);
  36   1      }


MODULE INFORMATION:   STATIC OVERLAYABLE
   CODE SIZE        =     55    ----
   CONSTANT SIZE    =     38    ----
   XDATA SIZE       =   ----    ----
   PDATA SIZE       =   ----    ----
   DATA SIZE        =   ----       3
   IDATA SIZE       =   ----    ----
   BIT SIZE         =   ----    ----
END OF MODULE INFORMATION.


C51 COMPILATION COMPLETE.  0 WARNING(S),  0 ERROR(S)
