C51 COMPILER V7.06   21                                                                    07/25/2016 17:21:42 PAGE 1   


C51 COMPILER V7.06, COMPILATION OF MODULE 21
OBJECT MODULE PLACED IN 21.OBJ
COMPILER INVOKED BY: D:\Keil\C51\BIN\C51.EXE 21.C BROWSE DEBUG OBJECTEXTEND

stmt level    source

   1          //完成以定时器T0为延时并以中断的形式实现LED闪烁的功能
   2          #include<reg52.h>
   3          sbit D1 = P1^0;
   4          void main()
   5          {
   6   1              EA = 1;
   7   1              ET0 = 1;
   8   1              TMOD = 0X01;
   9   1              TH0 = (65536 - 50000)/256;
  10   1              TH0 = (65536 - 50000)%256;
  11   1              TR0 = 1;
  12   1              while(1)
  13   1                      ;
  14   1      }
  15          
  16          void time0(void) interrupt 1 using 0
  17          {
  18   1              D1 = ~D1;
  19   1              TH0 = (65536 - 50000)/256;
  20   1              TH0 = (65536 - 50000)%256;
  21   1              
  22   1      }


MODULE INFORMATION:   STATIC OVERLAYABLE
   CODE SIZE        =     26    ----
   CONSTANT SIZE    =   ----    ----
   XDATA SIZE       =   ----    ----
   PDATA SIZE       =   ----    ----
   DATA SIZE        =   ----    ----
   IDATA SIZE       =   ----    ----
   BIT SIZE         =   ----    ----
END OF MODULE INFORMATION.


C51 COMPILATION COMPLETE.  0 WARNING(S),  0 ERROR(S)
