C51 COMPILER V7.06   22                                                                    07/25/2016 17:26:58 PAGE 1   


C51 COMPILER V7.06, COMPILATION OF MODULE 22
OBJECT MODULE PLACED IN 22.OBJ
COMPILER INVOKED BY: D:\Keil\C51\BIN\C51.EXE 22.C BROWSE DEBUG OBJECTEXTEND

stmt level    source

   1          //完成以T1为延时实现LED闪烁的功能
   2          #include<reg52.h>
   3          sbit D1 = P1^0;
   4          sbit D2 = P1^1;
   5          unsigned char a1,a2;
   6          void main()
   7          {
   8   1              EA = 1;
   9   1              ET1 = 1;
  10   1              TMOD= 0X10;
  11   1              TH1 = (65536 - 50000)/256;
  12   1              TL1 = (65536 - 50000)%256;
  13   1              TR1 = 1;
  14   1              a1 = 0;
  15   1              a2 = 0;
  16   1              while(1);
  17   1      }
  18          
  19          void time1(void) interrupt 3 using 0
  20          {
  21   1              a1++;
  22   1              a2++;
  23   1              if(a1==2)
  24   1              {
  25   2                      D1 = ~D1;
  26   2                      a1 = 0;
  27   2              }
  28   1              if(a2==8)
  29   1              {
  30   2                      D2 = ~D2;
  31   2                      a2 = 0;
  32   2              }
  33   1              TH1 = (65536 - 50000)/256;
  34   1              TL1 = (65536 - 50000)%256;
  35   1      }


MODULE INFORMATION:   STATIC OVERLAYABLE
   CODE SIZE        =     61    ----
   CONSTANT SIZE    =   ----    ----
   XDATA SIZE       =   ----    ----
   PDATA SIZE       =   ----    ----
   DATA SIZE        =      2    ----
   IDATA SIZE       =   ----    ----
   BIT SIZE         =   ----    ----
END OF MODULE INFORMATION.


C51 COMPILATION COMPLETE.  0 WARNING(S),  0 ERROR(S)
