C51 COMPILER V7.06   7                                                                     07/24/2016 10:54:50 PAGE 1   


C51 COMPILER V7.06, COMPILATION OF MODULE 7
OBJECT MODULE PLACED IN 7.OBJ
COMPILER INVOKED BY: D:\Keil\C51\BIN\C51.EXE 7.c BROWSE DEBUG OBJECTEXTEND

stmt level    source

   1          //模拟二进制加法从单片机输出控制LED灯
   2          #include<reg52.h>
   3          void ys(void)
   4          {
   5   1              unsigned int a;
   6   1              for(a=0;a<20000;a++)
   7   1                              ;
   8   1      }
   9          
  10          void main(void)
  11          {
  12   1              unsigned char i;
  13   1              for(i=0;i<255;i++)
  14   1              {
  15   2                      P1=i;
  16   2                      ys();
  17   2              }
  18   1      }


MODULE INFORMATION:   STATIC OVERLAYABLE
   CODE SIZE        =     27    ----
   CONSTANT SIZE    =   ----    ----
   XDATA SIZE       =   ----    ----
   PDATA SIZE       =   ----    ----
   DATA SIZE        =   ----    ----
   IDATA SIZE       =   ----    ----
   BIT SIZE         =   ----    ----
END OF MODULE INFORMATION.


C51 COMPILATION COMPLETE.  0 WARNING(S),  0 ERROR(S)
