Added Component: Designator=16*02(HDR1X16)
Added Component: Designator=51/AVR(HDR1X3)
Added Component: Designator=946H(MODULE5B)
Added Component: Designator=C1(0805C)
Added Component: Designator=C03(0805C)
Added Component: Designator=C04(0805C)
Added Component: Designator=C4(0805C)
Added Component: Designator=C05(0805C)
Added Component: Designator=C5(0805C)
Added Component: Designator=C6(0805C)
Added Component: Designator=C7(0805C)
Added Component: Designator=C8(0805C)
Added Component: Designator=C9(0805C)
Added Component: Designator=C10(0805C)
Added Component: Designator=C11(0805C)
Added Component: Designator=C19(0805C)
Added Component: Designator=C23(0805C)
Added Component: Designator=CN(HDR1X2)
Added Component: Designator=CPU(DIP40紧锁座)
Added Component: Designator=D0(0805-LED)
Added Component: Designator=D13(0805-LED)
Added Component: Designator=FM(BELL)
Added Component: Designator=ISP(HDR2X5)
Added Component: Designator=J2(HDR1X2)
Added Component: Designator=J8(HDR1X6)
Added Component: Designator=J9(HDR1X2)
Added Component: Designator=J11(HDR1X2)
Added Component: Designator=J232(DSUB1.385-2H9)
Added Component: Designator=JDQ(HDR1X3)
Added Component: Designator=JP2(HDR2X3H)
Added Component: Designator=JP4(HDR2X6)
Added Component: Designator=JPWR(HDR2X2)
Added Component: Designator=LCM(滑动变阻器)
Added Component: Designator=P0-2(HDR1X20)
Added Component: Designator=P1-3(HDR1X20)
Added Component: Designator=P1(HDR1X9)
Added Component: Designator=POWER(自锁开关)
Added Component: Designator=Q1(SOT-23)
Added Component: Designator=Q2(SOT-23)
Added Component: Designator=Q3(SOT-23)
Added Component: Designator=Q4(SOT-23)
Added Component: Designator=Q5(SOT-23)
Added Component: Designator=Q6(SOT-23)
Added Component: Designator=Q7(SOT-23)
Added Component: Designator=R11(0805)
Added Component: Designator=R16(0805)
Added Component: Designator=R17(0805)
Added Component: Designator=R18(0805)
Added Component: Designator=R19(0805)
Added Component: Designator=R20(0805)
Added Component: Designator=R21(0805)
Added Component: Designator=R22(0805)
Added Component: Designator=R23(0805)
Added Component: Designator=R24(0805)
Added Component: Designator=R27(0805)
Added Component: Designator=R28(0805)
Added Component: Designator=R29(0805)
Added Component: Designator=R30(0805)
Added Component: Designator=R31(0805)
Added Component: Designator=R32(0805)
Added Component: Designator=R33(0805)
Added Component: Designator=R35(0805)
Added Component: Designator=R36(0805)
Added Component: Designator=RST(SWD)
Added Component: Designator=S2(拨动开关)
Added Component: Designator=S3(拨动开关)
Added Component: Designator=S4(拨动开关)
Added Component: Designator=S5(拨动开关)
Added Component: Designator=U2(SO20W)
Added Component: Designator=U4(SO-16)
Added Component: Designator=U9(SO-16)
Added Component: Designator=U13(DS18B20)
Added Component: Designator=U14(DS18B20)
Added Component: Designator=U15(HDR1X3)
Added Component: Designator=USB(USB-B)
Added Component: Designator=V1(TO-226-AA)
Added Component: Designator=VJDQ(HDR1X2)
Added Component: Designator=Y1(XTAL)
Added Component: Designator=Y3(XTAL)
Added Pin To Net: NetName=ALE Pin=CPU-30
Added Pin To Net: NetName=ALE Pin=P0-2-11
Added Net: Name=ALE
Added Pin To Net: NetName=D0 Pin=16*02-7
Added Pin To Net: NetName=D0 Pin=CPU-39
Added Pin To Net: NetName=D0 Pin=P0-2-2
Added Pin To Net: NetName=D0 Pin=P1-2
Added Pin To Net: NetName=D0 Pin=U2-2
Added Net: Name=D0
Added Pin To Net: NetName=D1 Pin=16*02-8
Added Pin To Net: NetName=D1 Pin=CPU-38
Added Pin To Net: NetName=D1 Pin=P0-2-3
Added Pin To Net: NetName=D1 Pin=P1-3
Added Pin To Net: NetName=D1 Pin=U2-3
Added Net: Name=D1
Added Pin To Net: NetName=D2 Pin=16*02-9
Added Pin To Net: NetName=D2 Pin=CPU-37
Added Pin To Net: NetName=D2 Pin=P0-2-4
Added Pin To Net: NetName=D2 Pin=P1-4
Added Pin To Net: NetName=D2 Pin=U2-4
Added Net: Name=D2
Added Pin To Net: NetName=D3 Pin=16*02-10
Added Pin To Net: NetName=D3 Pin=CPU-36
Added Pin To Net: NetName=D3 Pin=P0-2-5
Added Pin To Net: NetName=D3 Pin=P1-5
Added Pin To Net: NetName=D3 Pin=U2-5
Added Net: Name=D3
Added Pin To Net: NetName=D4 Pin=16*02-11
Added Pin To Net: NetName=D4 Pin=CPU-35
Added Pin To Net: NetName=D4 Pin=P0-2-6
Added Pin To Net: NetName=D4 Pin=P1-6
Added Pin To Net: NetName=D4 Pin=U2-6
Added Net: Name=D4
Added Pin To Net: NetName=D5 Pin=16*02-12
Added Pin To Net: NetName=D5 Pin=CPU-34
Added Pin To Net: NetName=D5 Pin=P0-2-7
Added Pin To Net: NetName=D5 Pin=P1-7
Added Pin To Net: NetName=D5 Pin=U2-7
Added Net: Name=D5
Added Pin To Net: NetName=D6 Pin=16*02-13
Added Pin To Net: NetName=D6 Pin=CPU-33
Added Pin To Net: NetName=D6 Pin=P0-2-8
Added Pin To Net: NetName=D6 Pin=P1-8
Added Pin To Net: NetName=D6 Pin=U2-8
Added Net: Name=D6
Added Pin To Net: NetName=D7 Pin=16*02-14
Added Pin To Net: NetName=D7 Pin=CPU-32
Added Pin To Net: NetName=D7 Pin=P0-2-9
Added Pin To Net: NetName=D7 Pin=P1-9
Added Pin To Net: NetName=D7 Pin=U2-9
Added Net: Name=D7
Added Pin To Net: NetName=GND Pin=16*02-1
Added Pin To Net: NetName=GND Pin=16*02-16
Added Pin To Net: NetName=GND Pin=C1-1
Added Pin To Net: NetName=GND Pin=C03-2
Added Pin To Net: NetName=GND Pin=C4-1
Added Pin To Net: NetName=GND Pin=C04-2
Added Pin To Net: NetName=GND Pin=C05-1
Added Pin To Net: NetName=GND Pin=C5-1
Added Pin To Net: NetName=GND Pin=C9-1
Added Pin To Net: NetName=GND Pin=C10-2
Added Pin To Net: NetName=GND Pin=C19-1
Added Pin To Net: NetName=GND Pin=C23-1
Added Pin To Net: NetName=GND Pin=CN-2
Added Pin To Net: NetName=GND Pin=CPU-20
Added Pin To Net: NetName=GND Pin=D0-2
Added Pin To Net: NetName=GND Pin=ISP-4
Added Pin To Net: NetName=GND Pin=ISP-6
Added Pin To Net: NetName=GND Pin=ISP-8
Added Pin To Net: NetName=GND Pin=ISP-10
Added Pin To Net: NetName=GND Pin=LCM-1
Added Pin To Net: NetName=GND Pin=P1-3-20
Added Pin To Net: NetName=GND Pin=Q1-3
Added Pin To Net: NetName=GND Pin=Q2-3
Added Pin To Net: NetName=GND Pin=Q3-3
Added Pin To Net: NetName=GND Pin=Q4-3
Added Pin To Net: NetName=GND Pin=Q5-3
Added Pin To Net: NetName=GND Pin=Q6-3
Added Pin To Net: NetName=GND Pin=Q7-3
Added Pin To Net: NetName=GND Pin=R17-1
Added Pin To Net: NetName=GND Pin=S2-1
Added Pin To Net: NetName=GND Pin=S3-1
Added Pin To Net: NetName=GND Pin=S4-1
Added Pin To Net: NetName=GND Pin=S5-1
Added Pin To Net: NetName=GND Pin=U2-1
Added Pin To Net: NetName=GND Pin=U2-10
Added Pin To Net: NetName=GND Pin=U4-15
Added Pin To Net: NetName=GND Pin=U9-1
Added Pin To Net: NetName=GND Pin=U13-1
Added Pin To Net: NetName=GND Pin=U14-1
Added Pin To Net: NetName=GND Pin=U15-2
Added Pin To Net: NetName=GND Pin=USB-4
Added Pin To Net: NetName=GND Pin=USB-5
Added Pin To Net: NetName=GND Pin=USB-6
Added Pin To Net: NetName=GND Pin=V1-3
Added Net: Name=GND
Added Pin To Net: NetName=INT0 Pin=CPU-12
Added Pin To Net: NetName=INT0 Pin=J11-1
Added Pin To Net: NetName=INT0 Pin=P1-3-12
Added Net: Name=INT0
Added Pin To Net: NetName=INT1 Pin=CPU-13
Added Pin To Net: NetName=INT1 Pin=P1-3-13
Added Net: Name=INT1
Added Pin To Net: NetName=IO Pin=J11-2
Added Pin To Net: NetName=IO Pin=U15-3
Added Net: Name=IO
Added Pin To Net: NetName=LCDEN Pin=16*02-6
Added Pin To Net: NetName=LCDEN Pin=CPU-14
Added Pin To Net: NetName=LCDEN Pin=P1-3-14
Added Pin To Net: NetName=LCDEN Pin=S2-2
Added Net: Name=LCDEN
Added Pin To Net: NetName=Net946H_1 Pin=946H-1
Added Pin To Net: NetName=Net946H_1 Pin=JDQ-2
Added Net: Name=Net946H_1
Added Pin To Net: NetName=Net946H_2 Pin=946H-2
Added Pin To Net: NetName=Net946H_2 Pin=JDQ-1
Added Net: Name=Net946H_2
Added Pin To Net: NetName=Net946H_3 Pin=946H-3
Added Pin To Net: NetName=Net946H_3 Pin=JDQ-3
Added Net: Name=Net946H_3
Added Pin To Net: NetName=Net946H_5 Pin=946H-5
Added Pin To Net: NetName=Net946H_5 Pin=R23-2
Added Net: Name=Net946H_5
Added Pin To Net: NetName=NetC1_2 Pin=C1-2
Added Pin To Net: NetName=NetC1_2 Pin=JPWR-2
Added Pin To Net: NetName=NetC1_2 Pin=JPWR-4
Added Pin To Net: NetName=NetC1_2 Pin=POWER-5
Added Net: Name=NetC1_2
Added Pin To Net: NetName=NetC05_2 Pin=C05-2
Added Pin To Net: NetName=NetC05_2 Pin=U9-4
Added Net: Name=NetC05_2
Added Pin To Net: NetName=NetC6_2 Pin=C6-2
Added Pin To Net: NetName=NetC6_2 Pin=U4-2
Added Net: Name=NetC6_2
Added Pin To Net: NetName=NetC7_1 Pin=C7-1
Added Pin To Net: NetName=NetC7_1 Pin=U4-3
Added Net: Name=NetC7_1
Added Pin To Net: NetName=NetC7_2 Pin=C7-2
Added Pin To Net: NetName=NetC7_2 Pin=U4-1
Added Net: Name=NetC7_2
Added Pin To Net: NetName=NetC8_1 Pin=C8-1
Added Pin To Net: NetName=NetC8_1 Pin=U4-5
Added Net: Name=NetC8_1
Added Pin To Net: NetName=NetC8_2 Pin=C8-2
Added Pin To Net: NetName=NetC8_2 Pin=U4-4
Added Net: Name=NetC8_2
Added Pin To Net: NetName=NetC9_2 Pin=C9-2
Added Pin To Net: NetName=NetC9_2 Pin=U4-6
Added Net: Name=NetC9_2
Added Pin To Net: NetName=NetC11_2 Pin=C11-2
Added Pin To Net: NetName=NetC11_2 Pin=R16-1
Added Pin To Net: NetName=NetC11_2 Pin=R17-2
Added Pin To Net: NetName=NetC11_2 Pin=R21-1
Added Net: Name=NetC11_2
Added Pin To Net: NetName=NetCN_1 Pin=CN-1
Added Pin To Net: NetName=NetCN_1 Pin=JPWR-3
Added Net: Name=NetCN_1
Added Pin To Net: NetName=NetD0_1 Pin=D0-1
Added Pin To Net: NetName=NetD0_1 Pin=R11-1
Added Net: Name=NetD0_1
Added Pin To Net: NetName=NetD13_1 Pin=D13-1
Added Pin To Net: NetName=NetD13_1 Pin=R24-2
Added Net: Name=NetD13_1
Added Pin To Net: NetName=NetFM_1 Pin=FM-1
Added Pin To Net: NetName=NetFM_1 Pin=R22-1
Added Net: Name=NetFM_1
Added Pin To Net: NetName=NetFM_2 Pin=FM-2
Added Pin To Net: NetName=NetFM_2 Pin=Q1-2
Added Net: Name=NetFM_2
Added Pin To Net: NetName=NetJ2_2 Pin=J2-2
Added Pin To Net: NetName=NetJ2_2 Pin=R18-2
Added Net: Name=NetJ2_2
Added Pin To Net: NetName=NetJ232_2 Pin=J232-2
Added Pin To Net: NetName=NetJ232_2 Pin=U4-14
Added Net: Name=NetJ232_2
Added Pin To Net: NetName=NetJ232_3 Pin=J232-3
Added Pin To Net: NetName=NetJ232_3 Pin=U4-13
Added Net: Name=NetJ232_3
Added Pin To Net: NetName=NetQ1_1 Pin=Q1-1
Added Pin To Net: NetName=NetQ1_1 Pin=R18-1
Added Net: Name=NetQ1_1
Added Pin To Net: NetName=NetQ2_1 Pin=Q2-1
Added Pin To Net: NetName=NetQ2_1 Pin=R27-2
Added Net: Name=NetQ2_1
Added Pin To Net: NetName=NetQ3_1 Pin=Q3-1
Added Pin To Net: NetName=NetQ3_1 Pin=R28-2
Added Net: Name=NetQ3_1
Added Pin To Net: NetName=NetQ4_1 Pin=Q4-1
Added Pin To Net: NetName=NetQ4_1 Pin=R29-2
Added Net: Name=NetQ4_1
Added Pin To Net: NetName=NetQ5_1 Pin=Q5-1
Added Pin To Net: NetName=NetQ5_1 Pin=R30-2
Added Net: Name=NetQ5_1
Added Pin To Net: NetName=NetQ6_1 Pin=Q6-1
Added Pin To Net: NetName=NetQ6_1 Pin=R31-2
Added Net: Name=NetQ6_1
Added Pin To Net: NetName=NetQ7_1 Pin=Q7-1
Added Pin To Net: NetName=NetQ7_1 Pin=R32-2
Added Net: Name=NetQ7_1
Added Pin To Net: NetName=NetR16_2 Pin=R16-2
Added Pin To Net: NetName=NetR16_2 Pin=RST-2
Added Net: Name=NetR16_2
Added Pin To Net: NetName=NetR21_2 Pin=R21-2
Added Pin To Net: NetName=NetR21_2 Pin=V1-2
Added Net: Name=NetR21_2
Added Pin To Net: NetName=NetR23_1 Pin=R23-1
Added Pin To Net: NetName=NetR23_1 Pin=VJDQ-2
Added Net: Name=NetR23_1
Added Pin To Net: NetName=NetR35_2 Pin=R35-2
Added Pin To Net: NetName=NetR35_2 Pin=U9-2
Added Net: Name=NetR35_2
Added Pin To Net: NetName=NetR36_2 Pin=R36-2
Added Pin To Net: NetName=NetR36_2 Pin=U9-3
Added Net: Name=NetR36_2
Added Pin To Net: NetName=NetU9_5 Pin=U9-5
Added Pin To Net: NetName=NetU9_5 Pin=USB-3
Added Net: Name=NetU9_5
Added Pin To Net: NetName=NetU9_6 Pin=U9-6
Added Pin To Net: NetName=NetU9_6 Pin=USB-2
Added Net: Name=NetU9_6
Added Pin To Net: NetName=NetU13_3 Pin=U13-3
Added Pin To Net: NetName=NetU13_3 Pin=U14-3
Added Net: Name=NetU13_3
Added Pin To Net: NetName=P3.0 Pin=CPU-10
Added Pin To Net: NetName=P3.0 Pin=D13-2
Added Pin To Net: NetName=P3.0 Pin=JP2-3
Added Pin To Net: NetName=P3.0 Pin=P1-3-10
Added Net: Name=P3.0
Added Pin To Net: NetName=P3.1 Pin=CPU-11
Added Pin To Net: NetName=P3.1 Pin=JP2-4
Added Pin To Net: NetName=P3.1 Pin=P1-3-11
Added Net: Name=P3.1
Added Pin To Net: NetName=P3.0 232 Pin=JP2-5
Added Pin To Net: NetName=P3.0 232 Pin=U4-12
Added Net: Name=P3.0 232
Added Pin To Net: NetName=P3.1 232 Pin=JP2-6
Added Pin To Net: NetName=P3.1 232 Pin=U4-11
Added Net: Name=P3.1 232
Added Pin To Net: NetName=P10 Pin=CPU-1
Added Pin To Net: NetName=P10 Pin=P1-3-1
Added Net: Name=P10
Added Pin To Net: NetName=P11 Pin=CPU-2
Added Pin To Net: NetName=P11 Pin=P1-3-2
Added Net: Name=P11
Added Pin To Net: NetName=P12 Pin=CPU-3
Added Pin To Net: NetName=P12 Pin=P1-3-3
Added Net: Name=P12
Added Pin To Net: NetName=P13 Pin=CPU-4
Added Pin To Net: NetName=P13 Pin=P1-3-4
Added Net: Name=P13
Added Pin To Net: NetName=P14 Pin=CPU-5
Added Pin To Net: NetName=P14 Pin=P1-3-5
Added Net: Name=P14
Added Pin To Net: NetName=P15 Pin=CPU-6
Added Pin To Net: NetName=P15 Pin=ISP-1
Added Pin To Net: NetName=P15 Pin=P1-3-6
Added Net: Name=P15
Added Pin To Net: NetName=P16 Pin=CPU-7
Added Pin To Net: NetName=P16 Pin=ISP-9
Added Pin To Net: NetName=P16 Pin=P1-3-7
Added Net: Name=P16
Added Pin To Net: NetName=P17 Pin=CPU-8
Added Pin To Net: NetName=P17 Pin=ISP-7
Added Pin To Net: NetName=P17 Pin=P1-3-8
Added Net: Name=P17
Added Pin To Net: NetName=P20 Pin=CPU-21
Added Pin To Net: NetName=P20 Pin=P0-2-20
Added Net: Name=P20
Added Pin To Net: NetName=P21 Pin=CPU-22
Added Pin To Net: NetName=P21 Pin=P0-2-19
Added Net: Name=P21
Added Pin To Net: NetName=P22 Pin=CPU-23
Added Pin To Net: NetName=P22 Pin=P0-2-18
Added Pin To Net: NetName=P22 Pin=R20-1
Added Pin To Net: NetName=P22 Pin=U13-2
Added Pin To Net: NetName=P22 Pin=U14-2
Added Net: Name=P22
Added Pin To Net: NetName=P23 Pin=CPU-24
Added Pin To Net: NetName=P23 Pin=J2-1
Added Pin To Net: NetName=P23 Pin=P0-2-17
Added Net: Name=P23
Added Pin To Net: NetName=P24 Pin=CPU-25
Added Pin To Net: NetName=P24 Pin=P0-2-16
Added Net: Name=P24
Added Pin To Net: NetName=P25 Pin=CPU-26
Added Pin To Net: NetName=P25 Pin=P0-2-15
Added Net: Name=P25
Added Pin To Net: NetName=P26 Pin=CPU-27
Added Pin To Net: NetName=P26 Pin=P0-2-14
Added Net: Name=P26
Added Pin To Net: NetName=P27 Pin=CPU-28
Added Pin To Net: NetName=P27 Pin=P0-2-13
Added Pin To Net: NetName=P27 Pin=U2-11
Added Net: Name=P27
Added Pin To Net: NetName=PSEN Pin=CPU-29
Added Pin To Net: NetName=PSEN Pin=P0-2-10
Added Net: Name=PSEN
Added Pin To Net: NetName=RD Pin=CPU-17
Added Pin To Net: NetName=RD Pin=P1-3-17
Added Pin To Net: NetName=RD Pin=S5-2
Added Net: Name=RD
Added Pin To Net: NetName=RST51 Pin=51/AVR-1
Added Net: Name=RST51
Added Pin To Net: NetName=RSTAVR Pin=51/AVR-3
Added Pin To Net: NetName=RSTAVR Pin=R19-1
Added Pin To Net: NetName=RSTAVR Pin=V1-1
Added Net: Name=RSTAVR
Added Pin To Net: NetName=RS Pin=16*02-4
Added Pin To Net: NetName=RS Pin=CPU-15
Added Pin To Net: NetName=RS Pin=P1-3-15
Added Pin To Net: NetName=RS Pin=S3-2
Added Net: Name=RS
Added Pin To Net: NetName=RST Pin=51/AVR-2
Added Pin To Net: NetName=RST Pin=CPU-9
Added Pin To Net: NetName=RST Pin=ISP-5
Added Pin To Net: NetName=RST Pin=P1-3-9
Added Net: Name=RST
Added Pin To Net: NetName=USBRX Pin=JP2-2
Added Pin To Net: NetName=USBRX Pin=R36-1
Added Net: Name=USBRX
Added Pin To Net: NetName=USBTX Pin=JP2-1
Added Pin To Net: NetName=USBTX Pin=R35-1
Added Net: Name=USBTX
Added Pin To Net: NetName=VCC Pin=16*02-2
Added Pin To Net: NetName=VCC Pin=16*02-15
Added Pin To Net: NetName=VCC Pin=C6-1
Added Pin To Net: NetName=VCC Pin=C10-1
Added Pin To Net: NetName=VCC Pin=C11-1
Added Pin To Net: NetName=VCC Pin=C19-2
Added Pin To Net: NetName=VCC Pin=CPU-31
Added Pin To Net: NetName=VCC Pin=CPU-40
Added Pin To Net: NetName=VCC Pin=ISP-2
Added Pin To Net: NetName=VCC Pin=J8-1
Added Pin To Net: NetName=VCC Pin=J8-2
Added Pin To Net: NetName=VCC Pin=J9-2
Added Pin To Net: NetName=VCC Pin=LCM-2
Added Pin To Net: NetName=VCC Pin=P0-2-1
Added Pin To Net: NetName=VCC Pin=P0-2-12
Added Pin To Net: NetName=VCC Pin=P1-1
Added Pin To Net: NetName=VCC Pin=POWER-3
Added Pin To Net: NetName=VCC Pin=R11-2
Added Pin To Net: NetName=VCC Pin=R19-2
Added Pin To Net: NetName=VCC Pin=R20-2
Added Pin To Net: NetName=VCC Pin=R22-2
Added Pin To Net: NetName=VCC Pin=R24-1
Added Pin To Net: NetName=VCC Pin=R33-2
Added Pin To Net: NetName=VCC Pin=RST-1
Added Pin To Net: NetName=VCC Pin=U2-20
Added Pin To Net: NetName=VCC Pin=U4-16
Added Pin To Net: NetName=VCC Pin=USB-1
Added Pin To Net: NetName=VCC Pin=VJDQ-1
Added Net: Name=VCC
Added Pin To Net: NetName=VDD Pin=JPWR-1
Added Pin To Net: NetName=VDD Pin=U9-16
Added Net: Name=VDD
Added Pin To Net: NetName=VO Pin=16*02-3
Added Pin To Net: NetName=VO Pin=LCM-3
Added Net: Name=VO
Added Pin To Net: NetName=V Pin=C23-2
Added Pin To Net: NetName=V Pin=R33-1
Added Pin To Net: NetName=V Pin=U15-1
Added Net: Name=V
Added Pin To Net: NetName=WE1 Pin=JP4-11
Added Pin To Net: NetName=WE1 Pin=U2-19
Added Net: Name=WE1
Added Pin To Net: NetName=WE2 Pin=JP4-9
Added Pin To Net: NetName=WE2 Pin=U2-18
Added Net: Name=WE2
Added Pin To Net: NetName=WE3 Pin=JP4-7
Added Pin To Net: NetName=WE3 Pin=U2-17
Added Net: Name=WE3
Added Pin To Net: NetName=WE4 Pin=JP4-5
Added Pin To Net: NetName=WE4 Pin=U2-16
Added Net: Name=WE4
Added Pin To Net: NetName=WE5 Pin=JP4-3
Added Pin To Net: NetName=WE5 Pin=U2-15
Added Net: Name=WE5
Added Pin To Net: NetName=WE6 Pin=JP4-1
Added Pin To Net: NetName=WE6 Pin=U2-14
Added Net: Name=WE6
Added Pin To Net: NetName=WO1 Pin=JP4-12
Added Pin To Net: NetName=WO1 Pin=R27-1
Added Net: Name=WO1
Added Pin To Net: NetName=WO2 Pin=JP4-10
Added Pin To Net: NetName=WO2 Pin=R28-1
Added Net: Name=WO2
Added Pin To Net: NetName=WO3 Pin=JP4-8
Added Pin To Net: NetName=WO3 Pin=R29-1
Added Net: Name=WO3
Added Pin To Net: NetName=WO4 Pin=JP4-6
Added Pin To Net: NetName=WO4 Pin=R30-1
Added Net: Name=WO4
Added Pin To Net: NetName=WO5 Pin=JP4-4
Added Pin To Net: NetName=WO5 Pin=R31-1
Added Net: Name=WO5
Added Pin To Net: NetName=WO6 Pin=JP4-2
Added Pin To Net: NetName=WO6 Pin=R32-1
Added Net: Name=WO6
Added Pin To Net: NetName=WR Pin=16*02-5
Added Pin To Net: NetName=WR Pin=CPU-16
Added Pin To Net: NetName=WR Pin=P1-3-16
Added Pin To Net: NetName=WR Pin=S4-2
Added Net: Name=WR
Added Pin To Net: NetName=WX1 Pin=J8-3
Added Pin To Net: NetName=WX1 Pin=Q2-2
Added Net: Name=WX1
Added Pin To Net: NetName=WX2 Pin=J8-4
Added Pin To Net: NetName=WX2 Pin=Q3-2
Added Net: Name=WX2
Added Pin To Net: NetName=WX3 Pin=J8-5
Added Pin To Net: NetName=WX3 Pin=Q4-2
Added Net: Name=WX3
Added Pin To Net: NetName=WX4 Pin=J8-6
Added Pin To Net: NetName=WX4 Pin=Q5-2
Added Net: Name=WX4
Added Pin To Net: NetName=WX5 Pin=J9-1
Added Pin To Net: NetName=WX5 Pin=Q6-2
Added Net: Name=WX5
Added Pin To Net: NetName=WX6 Pin=946H-4
Added Pin To Net: NetName=WX6 Pin=Q7-2
Added Net: Name=WX6
Added Pin To Net: NetName=X1 Pin=C5-2
Added Pin To Net: NetName=X1 Pin=CPU-19
Added Pin To Net: NetName=X1 Pin=P1-3-19
Added Pin To Net: NetName=X1 Pin=Y1-1
Added Net: Name=X1
Added Pin To Net: NetName=X2 Pin=C4-2
Added Pin To Net: NetName=X2 Pin=CPU-18
Added Pin To Net: NetName=X2 Pin=P1-3-18
Added Pin To Net: NetName=X2 Pin=Y1-2
Added Net: Name=X2
Added Pin To Net: NetName=XI Pin=C04-1
Added Pin To Net: NetName=XI Pin=U9-7
Added Pin To Net: NetName=XI Pin=Y3-1
Added Net: Name=XI
Added Pin To Net: NetName=XO Pin=C03-1
Added Pin To Net: NetName=XO Pin=U9-8
Added Pin To Net: NetName=XO Pin=Y3-2
Added Net: Name=XO
Added Class: Name=Demo
Added Room: Name=Demo
