C51 COMPILER V7.06   1                                                                     07/08/2016 21:35:03 PAGE 1   


C51 COMPILER V7.06, COMPILATION OF MODULE 1
OBJECT MODULE PLACED IN 1.OBJ
COMPILER INVOKED BY: D:\Keil\C51\BIN\C51.EXE 1.C BROWSE DEBUG OBJECTEXTEND

stmt level    source

   1          #include<reg52.h>
   2          sbit D0=P1^0;
   3          void main()
   4          {
   5   1              unsigned int i;
   6   1              for (i=0;i<99999999;i++)
   7   1              {
   8   2                      if(i%1000==0)
   9   2                              D0=0;
  10   2                      else
  11   2                              D0=1;
  12   2              }
  13   1              
  14   1      }


MODULE INFORMATION:   STATIC OVERLAYABLE
   CODE SIZE        =     49    ----
   CONSTANT SIZE    =   ----    ----
   XDATA SIZE       =   ----    ----
   PDATA SIZE       =   ----    ----
   DATA SIZE        =   ----    ----
   IDATA SIZE       =   ----    ----
   BIT SIZE         =   ----    ----
END OF MODULE INFORMATION.


C51 COMPILATION COMPLETE.  0 WARNING(S),  0 ERROR(S)
