C51 COMPILER V7.06   2                                                                     07/08/2016 22:04:12 PAGE 1   


C51 COMPILER V7.06, COMPILATION OF MODULE 2
OBJECT MODULE PLACED IN 2.OBJ
COMPILER INVOKED BY: D:\Keil\C51\BIN\C51.EXE 2.c BROWSE DEBUG OBJECTEXTEND

stmt level    source

   1          #include<reg52.h>
   2          sbit D0=P1^0;
   3          sbit D1=P1^1;
   4          sbit D2=P1^2;
   5          sbit D3=P1^3;
   6          sbit D4=P1^4;
   7          sbit D5=P1^5;
   8          sbit D6=P1^6;
   9          sbit D7=P1^7;
  10          void main()
  11          {
  12   1              unsigned int i,j,k;             //i控制灯亮，j控制循环，k控制循环次数
  13   1              k=4;
  14   1              for(j=0;j<k;j++)
  15   1              {
  16   2                      for (i=500;i<1600;i++)
  17   2                      {
  18   3                              if(i%800==0)
  19   3                                      D0=0;
  20   3                              else
  21   3                                      D0=1;
  22   3                              if(i%900==0)
  23   3                                      D1=0;
  24   3                              else
  25   3                                      D1=1;
  26   3                              if(i%1000==0)
  27   3                                      D2=0;
  28   3                              else
  29   3                                      D2=1;
  30   3                              if(i%1100==0)
  31   3                                      D3=0;
  32   3                              else
  33   3                                      D3=1;
  34   3                              if(i%1200==0)
  35   3                                      D4=0;
  36   3                              else
  37   3                                      D4=1;
  38   3                              if(i%1300==0)
  39   3                                      D5=0;
  40   3                              else
  41   3                                      D5=1;
  42   3                              if(i%1400==0)
  43   3                                      D6=0;
  44   3                              else
  45   3                                      D6=1;
  46   3                              if(i%1500==0)
  47   3                                      D7=0;
  48   3                              else
  49   3                                      D7=1;
  50   3                              
  51   3                      }
  52   2              }
  53   1              if (j==k)
  54   1              {
  55   2                      for(i=0;i<8;i++)
C51 COMPILER V7.06   2                                                                     07/08/2016 22:04:12 PAGE 2   

  56   2                      {
  57   3                              P1=0XFF;
  58   3                      }
  59   2              }
  60   1      }       


MODULE INFORMATION:   STATIC OVERLAYABLE
   CODE SIZE        =    245    ----
   CONSTANT SIZE    =   ----    ----
   XDATA SIZE       =   ----    ----
   PDATA SIZE       =   ----    ----
   DATA SIZE        =   ----       2
   IDATA SIZE       =   ----    ----
   BIT SIZE         =   ----    ----
END OF MODULE INFORMATION.


C51 COMPILATION COMPLETE.  0 WARNING(S),  0 ERROR(S)
