C51 COMPILER V7.06   作_3网络                                                             07/13/2016 22:38:54 PAGE 1   


C51 COMPILER V7.06, COMPILATION OF MODULE 作_3网络
OBJECT MODULE PLACED IN 作业3网络.OBJ
COMPILER INVOKED BY: D:\Keil\C51\BIN\C51.EXE 作业3网络.c BROWSE DEBUG OBJECTEXTEND

stmt level    source

   1          #include<reg52.h>
   2          #define uint unsigned int
   3          #define uchar unsigned char
   4          uint flag=0;
   5          uint fre;
   6          uchar tt=0;
   7          sbit beep=P2^3;
   8          void main()
   9          { 
  10   1        beep=0;
  11   1        TMOD=0x11;
  12   1        TH0=(65536-50000)/256;
  13   1        TL0=(65535-50000)%256;
  14   1        TH1=(65536-fre)/256;
  15   1        TL1=(65535-fre)%256;
  16   1        EA=1;
  17   1        ET0=1;
  18   1        TR0=1;
  19   1        ET1=1;
  20   1        TR1=1;
  21   1        while(1) ;
  22   1      }
  23          void time1() interrupt 3
  24          {
  25   1          TH1=(65536-50000)/256;
  26   1          TL1=(65535-50000)%256; 
  27   1          flag++;
  28   1          if(flag==320)
  29   1         {
  30   2          flag=0;
  31   2         }
  32   1        }
  33          void time0() interrupt 1
  34          {
  35   1          TR0=0;
  36   1          TH0=(65536-fre)/256;
  37   1          TL0=(65535-fre)%256;
  38   1         if (flag<40)
  39   1        {
  40   2           tt++;
  41   2          if(tt==10)
  42   2           {
  43   3            tt=0;
  44   3            fre=50000;
  45   3            beep=~beep;
  46   3           }
  47   2         }
  48   1         if(flag>=40&&flag<80)
  49   1        {
  50   2         fre=50000;
  51   2         beep=~beep;
  52   2        }
  53   1        if(flag>=80&&flag<120)
  54   1        {
  55   2         fre=10000;
C51 COMPILER V7.06   作_3网络                                                             07/13/2016 22:38:54 PAGE 2   

  56   2         beep=~beep;
  57   2        }
  58   1        if(flag>=120&&flag<160)
  59   1        {
  60   2        fre=5000;
  61   2        beep=~beep;
  62   2        }
  63   1        if(flag>=160&&flag<200)
  64   1        {
  65   2         fre=2500;
  66   2         beep=~beep;
  67   2        }
  68   1        if(flag>=200&&flag<240)
  69   1        {
  70   2         fre=1250;
  71   2         beep=~beep;
  72   2        }
  73   1        if(flag>=240&&flag<280)
  74   1        {
  75   2         fre=625;
  76   2         beep=~beep;
  77   2        }
  78   1         if(flag>=280&&flag<320)
  79   1        {
  80   2         fre=500;
  81   2         beep=~beep;
  82   2         }
  83   1        TR0=1;
  84   1        }


MODULE INFORMATION:   STATIC OVERLAYABLE
   CODE SIZE        =    498    ----
   CONSTANT SIZE    =   ----    ----
   XDATA SIZE       =   ----    ----
   PDATA SIZE       =   ----    ----
   DATA SIZE        =      5    ----
   IDATA SIZE       =   ----    ----
   BIT SIZE         =   ----    ----
END OF MODULE INFORMATION.


C51 COMPILATION COMPLETE.  0 WARNING(S),  0 ERROR(S)
