C51 COMPILER V7.06   作_2                                                                 07/13/2016 20:30:12 PAGE 1   


C51 COMPILER V7.06, COMPILATION OF MODULE 作_2
OBJECT MODULE PLACED IN 作业2.OBJ
COMPILER INVOKED BY: D:\Keil\C51\BIN\C51.EXE 作业2.c BROWSE DEBUG OBJECTEXTEND

stmt level    source

   1          #include<reg52.h>
   2          typedef unsigned int uint;
   3          typedef unsigned char uchar;
   4          uint code a[]={0xfe,0xfd,0xfb,0xf7,0xef,0xdf,0xbf,0x7f};
   5          uint k,i;
   6          void main()
   7          {
   8   1              k=0;
   9   1              i=0;
  10   1              EA=1;
  11   1              ET1=1;
  12   1              TR1=1;
  13   1              TMOD=0X10;
  14   1              P1=a[0];
  15   1              TH1=(65536-50000)/256;
  16   1              TL1=(65536-50000)%256;
  17   1      
  18   1              while(1)
  19   1              {       
  20   2                      if(i%2==0)
  21   2                              P1=0xff;
  22   2                      else
  23   2                              P1=a[k];
  24   2                      
  25   2              }
  26   1      }
  27          
  28          void time1() interrupt  3
  29          {
  30   1              TH1=(65536-50000)/256;
  31   1              TL1=(65536-50000)%256;
  32   1              i++;
  33   1                      
  34   1                      if(i==20)
  35   1                              {
  36   2                                      k++;
  37   2                                      i=0;
  38   2                              }
  39   1                      if(k==8)
  40   1                              k=0;
  41   1              
  42   1      }


MODULE INFORMATION:   STATIC OVERLAYABLE
   CODE SIZE        =    117    ----
   CONSTANT SIZE    =     16    ----
   XDATA SIZE       =   ----    ----
   PDATA SIZE       =   ----    ----
   DATA SIZE        =      4    ----
   IDATA SIZE       =   ----    ----
   BIT SIZE         =   ----    ----
END OF MODULE INFORMATION.


C51 COMPILATION COMPLETE.  0 WARNING(S),  0 ERROR(S)
