C51 COMPILER V7.06   作_3                                                                 07/13/2016 22:51:21 PAGE 1   


C51 COMPILER V7.06, COMPILATION OF MODULE 作_3
OBJECT MODULE PLACED IN 作业3.OBJ
COMPILER INVOKED BY: D:\Keil\C51\BIN\C51.EXE 作业3.C BROWSE DEBUG OBJECTEXTEND

stmt level    source

   1          //按照题目需要，K应该=6，要对很多处经行修改，且难以听出差异，所以改为了1.8S
   2          
   3          #include<reg52.h>
   4          typedef unsigned int uint;
   5          typedef unsigned char uchar;
   6          sbit DEEP=P2^3;
   7          uint k,i,j,t;
   8          void main()
   9          {
  10   1              k=0;
  11   1              i=0;
  12   1              j=0;
  13   1              EA=1;
  14   1              ET1=1;
  15   1              ET0=1;
  16   1              TR1=1;
  17   1              TR0=1;
  18   1              TMOD=0X11;
  19   1      
  20   1              TH1=(65536-30000)/256;
  21   1              TL1=(65536-30000)%256;
  22   1              TH0=(65536-50000)/256;
  23   1              TL0=(65536-50000)%256;
  24   1              while(1){};
  25   1      }
  26          
  27          void time1() interrupt  3
  28          {
  29   1              TH1=(65536-50000)/256;
  30   1              TL1=(65536-50000)%256;
  31   1              k++;
  32   1              if(k==360)              //K=6
  33   1              {       
  34   2                      k=0;
  35   2                      i=50000;
  36   2              }
  37   1      }
  38          void time0() interrupt  1
  39          {       
  40   1              TH0=(65536-i)/256;
  41   1              TL0=(65536-i)%256;
  42   1              t++;
  43   1              if(k<40)
  44   1              {
  45   2                      if(t=10)
*** WARNING C276 IN LINE 45 OF 作业3.C: constant in condition expression
  46   2                      {
  47   3                              t=0;
  48   3                              i=50000;
  49   3                              DEEP=~DEEP;
  50   3                              
  51   3                      }
  52   2              }
  53   1              if(k>40&&k<80)
  54   1              {
C51 COMPILER V7.06   作_3                                                                 07/13/2016 22:51:21 PAGE 2   

  55   2                      t=0;
  56   2                      i=50000;
  57   2                      DEEP=~DEEP;
  58   2                      
  59   2              }
  60   1              if(k>80&&k<120)
  61   1              {
  62   2                      i=10000;
  63   2                      DEEP=~DEEP;
  64   2              
  65   2              }
  66   1              if(k>120&&k<160)
  67   1              {
  68   2                      i=5000;
  69   2                      DEEP=~DEEP;
  70   2                      
  71   2              }
  72   1              if(k>160&&k<200)
  73   1              {
  74   2                      i=2500;
  75   2                      DEEP=~DEEP;
  76   2              
  77   2              }
  78   1              if(k>200&&k<240)
  79   1              {
  80   2                      i=1250;
  81   2                      DEEP=~DEEP;
  82   2                      
  83   2              }
  84   1              if(k>240&&k<280)
  85   1              {
  86   2                      i=625;
  87   2                      DEEP=~DEEP;
  88   2              
  89   2              }
  90   1              if(k>280&&k<320)
  91   1              {
  92   2                      i=500;
  93   2                      DEEP=~DEEP;
  94   2                      
  95   2              }
  96   1      }


MODULE INFORMATION:   STATIC OVERLAYABLE
   CODE SIZE        =    459    ----
   CONSTANT SIZE    =   ----    ----
   XDATA SIZE       =   ----    ----
   PDATA SIZE       =   ----    ----
   DATA SIZE        =      8    ----
   IDATA SIZE       =   ----    ----
   BIT SIZE         =   ----    ----
END OF MODULE INFORMATION.


C51 COMPILATION COMPLETE.  1 WARNING(S),  0 ERROR(S)
