C51 COMPILER V7.06   作_4                                                                 07/13/2016 22:54:31 PAGE 1   


C51 COMPILER V7.06, COMPILATION OF MODULE 作_4
OBJECT MODULE PLACED IN 作业4.OBJ
COMPILER INVOKED BY: D:\Keil\C51\BIN\C51.EXE 作业4.C BROWSE DEBUG OBJECTEXTEND

stmt level    source

   1          #include<reg52.h>
   2          typedef unsigned int uint;
   3          typedef unsigned char uchar;
   4          sbit dula=P2^6;
   5          sbit wela=P2^7;
   6          uchar code a[]={
   7          0x3f,0x06,0x5b,0x4f,
   8          0x66,0x6d,0x7d,0x07,
   9          0x7f,0x6f,0x77,0x7c,
  10          0x39,0x5e,0x79,0x71};
  11          uint k,i;
  12          void main()
  13          {
  14   1              k=0;
  15   1              i=0;
  16   1              EA=1;
  17   1              ET1=1;
  18   1              TR1=1;
  19   1              TMOD=0X10;
  20   1              wela=1;
  21   1              P0=0x00;
  22   1              wela=0;
  23   1              TH1=(65536-30000)/256;
  24   1              TL1=(65536-30000)%256;
  25   1              while(1){};
  26   1      }
  27          
  28          void time1() interrupt  3
  29          {
  30   1              TH1=(65536-50000)/256;
  31   1              TL1=(65536-50000)%256;
  32   1              k++;
  33   1              if(k==10)               
  34   1              {       
  35   2                      k=0;
  36   2                      dula=1;
  37   2                      P0=a[i];
  38   2                      dula=0;
  39   2                      i++;
  40   2              }
  41   1              if(i==16)
  42   1                      i=0;
  43   1      }


MODULE INFORMATION:   STATIC OVERLAYABLE
   CODE SIZE        =    101    ----
   CONSTANT SIZE    =     16    ----
   XDATA SIZE       =   ----    ----
   PDATA SIZE       =   ----    ----
   DATA SIZE        =      4    ----
   IDATA SIZE       =   ----    ----
   BIT SIZE         =   ----    ----
END OF MODULE INFORMATION.


C51 COMPILATION COMPLETE.  0 WARNING(S),  0 ERROR(S)
