C51 COMPILER V6.12  1_5                                                                    09/30/2007 00:05:10 PAGE 1   


C51 COMPILER V6.12, COMPILATION OF MODULE 1_5
OBJECT MODULE PLACED IN .\1_5.OBJ
COMPILER INVOKED BY: C:\Keil\C51\BIN\C51.EXE .\1_5.c DEBUG OBJECTEXTEND

stmt level    source

   1          /*******************************************************************/
   2          /* TX-1C单片机实验板实验例程        							   */
   3          /* 2007年8月第二期培训班课后习题详解							   */
   4          /* 作者：郭天祥      											   */
   5          /* 邮箱：txmcu@163.com 										  	   */
   6          /* 网站：www.txmcu.com(天祥电子)    							   */
   7          /* 题目内容：用位操作点亮第一个发光管.  						   */
   8          /*【版权】Copyright(C)天祥电子 www.txmcu.com  All Rights Reserved  */
   9          /*【声明】此程序仅用于学习与参考，引用请注明版权和作者信息！       */
  10          /*                                                                 */
  11          /*******************************************************************/
  12                                                                     
  13          // 用位操作点亮1,3,5,7发光管.
  14          // 适用 TX-1C单片机实验板
  15          // 晶振为11.0592M
  16          
  17          /*********************************************************/
  18          #include<reg52.h>  //52单片机头文件
  19          sbit led1=P1^0;    //单片机管脚位声明
  20          sbit led3=P1^2;    //单片机管脚位声明
  21          sbit led5=P1^4;    //单片机管脚位声明
  22          sbit led7=P1^6;    //单片机管脚位声明
  23          void main()		   //主函数
  24          {
  25   1      	led1=0;			//将单片机P1.0口清零
  26   1      	led3=0;			//将单片机P1.2口清零
  27   1      	led5=0;			//将单片机P1.4口清零
  28   1      	led7=0;			//将单片机P1.6口清零
  29   1      	while(1);       //程序停止在这里，在后面会讲到为什么这样写。
  30   1      }


MODULE INFORMATION:   STATIC OVERLAYABLE
   CODE SIZE        =     10    ----
   CONSTANT SIZE    =   ----    ----
   XDATA SIZE       =   ----    ----
   PDATA SIZE       =   ----    ----
   DATA SIZE        =   ----    ----
   IDATA SIZE       =   ----    ----
   BIT SIZE         =   ----    ----
END OF MODULE INFORMATION.


C51 COMPILATION COMPLETE.  0 WARNING(S),  0 ERROR(S)
