C51 COMPILER V6.12  2_1                                                                    09/30/2007 00:34:03 PAGE 1   


C51 COMPILER V6.12, COMPILATION OF MODULE 2_1
OBJECT MODULE PLACED IN .\2_1.obj
COMPILER INVOKED BY: C:\Keil\C51\BIN\C51.EXE ..\lesson2\2_1.c DEBUG OBJECTEXTEND PRINT(.\2_1.lst) OBJECT(.\2_1.obj) 

stmt level    source

   1          /*******************************************************************/
   2          /* TX-1C单片机实验板实验例程        							   */
   3          /* 2007年8月第二期培训班课后习题详解							   */
   4          /* 作者：郭天祥      											   */
   5          /* 邮箱：txmcu@163.com 										  	   */
   6          /* 网站：www.txmcu.com(天祥电子)    							   */
   7          /* 题目内容：用位操作点亮第一个发光管.  						   */
   8          /*【版权】Copyright(C)天祥电子 www.txmcu.com  All Rights Reserved  */
   9          /*【声明】此程序仅用于学习与参考，引用请注明版权和作者信息！       */
  10          /*                                                                 */
  11          /*******************************************************************/
  12                                                                     
  13          // 第一个发光管以间隔200ms闪烁
  14          // 适用 TX-1C单片机实验板
  15          // 晶振为11.0592M
  16          
  17          /*********************************************************/
  18          #include<reg52.h>  //52单片机头文件
  19          #define uint unsigned int    //宏定义
  20          #define uchar unsigned char  //宏定义
  21          sbit led1=P1^0;    //单片机管脚位声明
  22          
  23          void delay(uint z)  //延时函数
  24          {
  25   1      	uint x,y;
  26   1      	for(x=z;x>0;x--)
  27   1      		for(y=110;y>0;y--);	
  28   1      }
  29          void main()		   //主函数
  30          {
  31   1      	while(1)
  32   1      	{
  33   2      		led1=0;
  34   2      		delay(200);
  35   2      		led1=1;
  36   2      		delay(200);
  37   2      	}
  38   1      
  39   1      }


MODULE INFORMATION:   STATIC OVERLAYABLE
   CODE SIZE        =     50    ----
   CONSTANT SIZE    =   ----    ----
   XDATA SIZE       =   ----    ----
   PDATA SIZE       =   ----    ----
   DATA SIZE        =   ----    ----
   IDATA SIZE       =   ----    ----
   BIT SIZE         =   ----    ----
END OF MODULE INFORMATION.


C51 COMPILATION COMPLETE.  0 WARNING(S),  0 ERROR(S)
