C51 COMPILER V6.12  2_2                                                                    09/30/2007 20:33:37 PAGE 1   


C51 COMPILER V6.12, COMPILATION OF MODULE 2_2
OBJECT MODULE PLACED IN .\2_2.obj
COMPILER INVOKED BY: C:\Keil\C51\BIN\C51.EXE ..\lesson2\2_2.c DEBUG OBJECTEXTEND PRINT(.\2_2.lst) OBJECT(.\2_2.obj) 

stmt level    source

   1          /*******************************************************************/
   2          /* TX-1C单片机实验板实验例程        							   */
   3          /* 2007年8月第二期培训班课后习题详解							   */
   4          /* 作者：郭天祥      											   */
   5          /* 邮箱：txmcu@163.com 										  	   */
   6          /* 网站：www.txmcu.com(天祥电子)    							   */
   7          /* 题目内容：用位操作点亮第一个发光管.  						   */
   8          /*【版权】Copyright(C)天祥电子 www.txmcu.com  All Rights Reserved  */
   9          /*【声明】此程序仅用于学习与参考，引用请注明版权和作者信息！       */
  10          /*                                                                 */
  11          /*******************************************************************/
  12                                                                     
  13          // 8个发光管由上至下间隔1s流动
  14          //，其中每个管亮500ms,灭500ms,亮时蜂鸣器响
  15          //，灭时关闭蜂鸣器，一直重复下去。
  16          // 适用 TX-1C单片机实验板
  17          // 晶振为11.0592M
  18          
  19          /*********************************************************/
  20          #include<reg52.h>  //52单片机头文件
  21          #include <intrins.h> //包含有左右循环移位子函数的库
  22          #define uint unsigned int    //宏定义
  23          #define uchar unsigned char  //宏定义
  24          sbit beep=P2^3;
  25          void delay(uint z)  //延时函数,z的取值为这个函数的延时ms数，如delay(200);大约延时200ms.
  26          {					//delay(500);大约延时500ms.
  27   1      	uint x,y;
  28   1      	for(x=z;x>0;x--)
  29   1      		for(y=110;y>0;y--);	
  30   1      }
  31          void main()		    //主函数
  32          {
  33   1      	uchar a;
  34   1      	a=0xfe;
  35   1      	while(1)        //大循环
  36   1      	{
  37   2      		P1=a;       //点亮小灯
  38   2      		beep=0;     //开启蜂鸣器
  39   2      		delay(500); //延时500毫秒
  40   2      		P1=0xff;    //熄灭小灯
  41   2      		beep=1;     //关闭蜂鸣器
  42   2      		delay(500); //延时500毫秒
  43   2      		a=_crol_(a,1); //将a变量循环左移一位		
  44   2      	}
  45   1      }
  46          


MODULE INFORMATION:   STATIC OVERLAYABLE
   CODE SIZE        =     69    ----
   CONSTANT SIZE    =   ----    ----
   XDATA SIZE       =   ----    ----
   PDATA SIZE       =   ----    ----
   DATA SIZE        =   ----    ----
   IDATA SIZE       =   ----    ----
C51 COMPILER V6.12  2_2                                                                    09/30/2007 20:33:37 PAGE 2   

   BIT SIZE         =   ----    ----
END OF MODULE INFORMATION.


C51 COMPILATION COMPLETE.  0 WARNING(S),  0 ERROR(S)
