C51 COMPILER V6.12  2_4                                                                    09/30/2007 21:02:23 PAGE 1   


C51 COMPILER V6.12, COMPILATION OF MODULE 2_4
OBJECT MODULE PLACED IN .\2_4.obj
COMPILER INVOKED BY: C:\Keil\C51\BIN\C51.EXE ..\lesson2\2_4.c DEBUG OBJECTEXTEND PRINT(.\2_4.lst) OBJECT(.\2_4.obj) 

stmt level    source

   1          /*******************************************************************/
   2          /* TX-1C单片机实验板实验例程        							   */
   3          /* 2007年8月第二期培训班课后习题详解							   */
   4          /* 作者：郭天祥      											   */
   5          /* 邮箱：txmcu@163.com 										  	   */
   6          /* 网站：www.txmcu.com(天祥电子)    							   */
   7          /* 题目内容：用位操作点亮第一个发光管.  						   */
   8          /*【版权】Copyright(C)天祥电子 www.txmcu.com  All Rights Reserved  */
   9          /*【声明】此程序仅用于学习与参考，引用请注明版权和作者信息！       */
  10          /*                                                                 */
  11          /*******************************************************************/
  12          /*                                                          
  13          用8个发光管演示出8位二进制数累加过程。
  14          */
  15          /*********************************************************/
  16          #include<reg52.h>  //52单片机头文件
  17          #include <intrins.h> //包含有左右循环移位子函数的库
  18          #define uint unsigned int    //宏定义
  19          #define uchar unsigned char  //宏定义
  20          void delay(uint z)  //延时函数,z的取值为这个函数的延时ms数，如delay(200);大约延时200ms.
  21          {					//delay(500);大约延时500ms.
  22   1      	uint x,y;
  23   1      	for(x=z;x>0;x--)
  24   1      		for(y=110;y>0;y--);	
  25   1      }
  26          void main()		    //主函数
  27          {
  28   1      	uchar a;
  29   1      	while(1)        //大循环
  30   1      	{
  31   2      		a++;
  32   2      		P1=~a;
  33   2      		delay(200);	
  34   2      	}
  35   1      }


MODULE INFORMATION:   STATIC OVERLAYABLE
   CODE SIZE        =     46    ----
   CONSTANT SIZE    =   ----    ----
   XDATA SIZE       =   ----    ----
   PDATA SIZE       =   ----    ----
   DATA SIZE        =   ----       1
   IDATA SIZE       =   ----    ----
   BIT SIZE         =   ----    ----
END OF MODULE INFORMATION.


C51 COMPILATION COMPLETE.  0 WARNING(S),  0 ERROR(S)
