C51 COMPILER V6.12  2_7                                                                    10/02/2007 12:33:05 PAGE 1   


C51 COMPILER V6.12, COMPILATION OF MODULE 2_7
OBJECT MODULE PLACED IN .\2_7.obj
COMPILER INVOKED BY: C:\Keil\C51\BIN\C51.EXE ..\lesson2\2_7.c DEBUG OBJECTEXTEND PRINT(.\2_7.lst) OBJECT(.\2_7.obj) 

stmt level    source

   1          /*******************************************************************/
   2          /* TX-1C单片机实验板实验例程        							   */
   3          /* 2007年8月第二期培训班课后习题详解							   */
   4          /* 作者：郭天祥      											   */
   5          /* 邮箱：txmcu@163.com 										  	   */
   6          /* 网站：www.txmcu.com(天祥电子)    							   */
   7          /*【版权】Copyright(C)天祥电子 www.txmcu.com  All Rights Reserved  */
   8          /*【声明】此程序仅用于学习与参考，引用请注明版权和作者信息！       */
   9          /*                                                                 */
  10          /*******************************************************************/
  11          /*                                                          
  12          间隔300ms先奇数亮再偶数亮，
  13          循环三次；一个灯上下循环三次；
  14          两个分别从两边往中间流动三次；
  15          再从中间往两边流动三次；8个全部闪烁3次；
  16          关闭发光管，程序停止。
  17          */
  18          /*********************************************************/
  19          #include<reg52.h>  //52单片机头文件
  20          #include <intrins.h> //包含有左右循环移位子函数的库
  21          #define uint unsigned int    //宏定义
  22          #define uchar unsigned char  //宏定义
  23          void delay(uint z)  //延时函数,z的取值为这个函数的延时ms数，如delay(200);大约延时200ms.
  24          {					//delay(500);大约延时500ms.
  25   1      	uint x,y;
  26   1      	for(x=z;x>0;x--)
  27   1      		for(y=110;y>0;y--);	
  28   1      }
  29          void main()		    //主函数
  30          {
  31   1      	uchar a,i,j;
  32   1      	for(j=0;j<3;j++)      //寄偶交替
  33   1      	{
  34   2      			P1=0x55;       //点亮小灯
  35   2      			delay(300); //延时300毫秒
  36   2      			P1=0xaa;
  37   2      			delay(300); //延时300毫秒
  38   2      	}
  39   1      	for(j=0;j<3;j++)    //流水灯
  40   1      	{
  41   2      		a=0xfe;
  42   2      		for(i=0;i<8;i++)
  43   2      			{
  44   3      				P1=a;       //点亮小灯
  45   3      				delay(300); //延时300毫秒
  46   3      				a=_crol_(a,1);
  47   3      			}
  48   2      	}
  49   1      	P1=0xff;
  50   1      	for(j=0;j<3;j++)     //从两边往中间流
  51   1      	{
  52   2      			P1=0x7e;       //点亮小灯
  53   2      			delay(300); //延时300毫秒
  54   2      			P1=0xbd;
  55   2      			delay(300); //延时300毫秒
C51 COMPILER V6.12  2_7                                                                    10/02/2007 12:33:05 PAGE 2   

  56   2      			P1=0xdb;       //点亮小灯
  57   2      			delay(300); //延时300毫秒
  58   2      			P1=0xe7;
  59   2      			delay(300); //延时300毫秒
  60   2      	}
  61   1      	P1=0xff;
  62   1      	for(j=0;j<3;j++)    //从中间往两边流
  63   1      	{
  64   2      			P1=0xe7;       //点亮小灯
  65   2      			delay(300); //延时300毫秒
  66   2      			P1=0xdb;
  67   2      			delay(300); //延时300毫秒
  68   2      			P1=0xbd;       //点亮小灯
  69   2      			delay(300); //延时300毫秒
  70   2      			P1=0x7e;
  71   2      			delay(300); //延时300毫秒
  72   2      	}
  73   1      	P1=0xff;
  74   1      	for(j=0;j<6;j++)    //全部闪烁
  75   1      	{
  76   2      			P1=~P1;       //点亮小灯
  77   2      			delay(300); //延时300毫秒
  78   2      	}
  79   1      	P1=0xff;
  80   1      	while(1);
  81   1      }


MODULE INFORMATION:   STATIC OVERLAYABLE
   CODE SIZE        =    167    ----
   CONSTANT SIZE    =   ----    ----
   XDATA SIZE       =   ----    ----
   PDATA SIZE       =   ----    ----
   DATA SIZE        =   ----    ----
   IDATA SIZE       =   ----    ----
   BIT SIZE         =   ----    ----
END OF MODULE INFORMATION.


C51 COMPILATION COMPLETE.  0 WARNING(S),  0 ERROR(S)
