C51 COMPILER V9.01   BSP                                                                   08/09/2017 16:40:10 PAGE 1   


C51 COMPILER V9.01, COMPILATION OF MODULE BSP
OBJECT MODULE PLACED IN .\Objects\bsp.obj
COMPILER INVOKED BY: F:\Keil\Keil5\C51\BIN\C51.EXE bsp\bsp.c OPTIMIZE(8,SPEED) BROWSE INCDIR(.\app\inc;.\bsp\inc;.\bsp) 
                    -DEBUG OBJECTEXTEND PRINT(.\Listings\bsp.lst) OBJECT(.\Objects\bsp.obj)

line level    source

   1          #include "bsp.h"
   2          
   3          void bsp_init() //外设初始化
   4          {
   5   1              INIT1_Init();
   6   1              Init_Int0();
   7   1      }


MODULE INFORMATION:   STATIC OVERLAYABLE
   CODE SIZE        =      6    ----
   CONSTANT SIZE    =   ----    ----
   XDATA SIZE       =   ----    ----
   PDATA SIZE       =   ----    ----
   DATA SIZE        =   ----    ----
   IDATA SIZE       =   ----    ----
   BIT SIZE         =   ----    ----
END OF MODULE INFORMATION.


C51 COMPILATION COMPLETE.  0 WARNING(S),  0 ERROR(S)
