C51 COMPILER V9.01   BSP_WORK                                                              08/09/2017 16:40:10 PAGE 1   


C51 COMPILER V9.01, COMPILATION OF MODULE BSP_WORK
OBJECT MODULE PLACED IN .\Objects\bsp_work.obj
COMPILER INVOKED BY: F:\Keil\Keil5\C51\BIN\C51.EXE bsp\src\bsp_work.c OPTIMIZE(8,SPEED) BROWSE INCDIR(.\app\inc;.\bsp\in
                    -c;.\bsp) DEBUG OBJECTEXTEND PRINT(.\Listings\bsp_work.lst) OBJECT(.\Objects\bsp_work.obj)

line level    source

   1          #include "bsp.h"
   2          
   3          void Stop()
   4          {
   5   1         M1A=0;                                  
   6   1         M1B=0;                                  
   7   1         M2A=0;                                  
   8   1         M2B=0;
   9   1      
  10   1      }
  11          
  12          void Run()
  13          {
  14   1         M1A=1;                                   
  15   1         M1B=0;                                   
  16   1         M2A=1;                                   
  17   1         M2B=0;
  18   1      }
  19          
  20          void Down()
  21          {
  22   1         M1A=0;                                   
  23   1         M1B=1;                                   
  24   1         M2A=0;                                   
  25   1         M2B=1;
  26   1      }
  27          
  28          void Left()
  29          {
  30   1         M1A=0;                                   
  31   1         M1B=1;                                   
  32   1         M2A=1;                                   
  33   1         M2B=0;
  34   1      }
  35          
  36          void Right()
  37          {
  38   1         M1A=1;                                   
  39   1         M1B=0;                                   
  40   1         M2A=0;                                   
  41   1         M2B=1;
  42   1      }
  43          
  44          void ControlCar(unsigned char ConType)    //电机控制
  45          {
  46   1              Stop();
  47   1              switch(ConType)                       //判断模式
  48   1              {
  49   2                      case 1:                           //前进
  50   2                      { 
  51   3                              LeftLed = 0 ;
  52   3                              Run();
  53   3                              break;
  54   3                      }
C51 COMPILER V9.01   BSP_WORK                                                              08/09/2017 16:40:10 PAGE 2   

  55   2                      
  56   2                      case 2:                                                      
  57   2                      { 
  58   3                              LeftLed = 1 ;    
  59   3                              Down();                               
  60   3                              break;
  61   3                      }
  62   2                      
  63   2                      case 3:                         
  64   2                      { 
  65   3                              Left();                              
  66   3                              break;
  67   3                      }
  68   2                      
  69   2                      case 4:                          
  70   2                      { 
  71   3                              Right();                                                                                                          //M2????
  72   3                              break;
  73   3                      }
  74   2                      
  75   2                      case 8:                       
  76   2                      {
  77   3                              Stop();
  78   3                              break;                              
  79   3                      }
  80   2              }
  81   1      }
  82          
  83          void ControlCar_yaokong(unsigned char ConType)  //遥控
  84          {
  85   1       
  86   1              Stop();
  87   1              switch(ConType)                         
  88   1              {
  89   2                      case 1:                         
  90   2                      { 
  91   3                              Stop();                                               
  92   3                              Delay1ms(150);
  93   3                              LeftLed = 0 ;
  94   3                              Run();
  95   3                              break;
  96   3                      }
  97   2                      
  98   2                      case 2:                      
  99   2                      { 
 100   3                              Stop();                                                       
 101   3                              Delay1ms(150);
 102   3                              LeftLed = 1 ;    
 103   3                              Down();                               
 104   3                              break;
 105   3                      }
 106   2                      
 107   2                      case 3:                          
 108   2                      { 
 109   3                              Stop();                                                          
 110   3                              Delay1ms(150); 
 111   3                              Left();                               
 112   3                              break;
 113   3                      }
 114   2                      
 115   2                      case 4:                     
 116   2                      { 
C51 COMPILER V9.01   BSP_WORK                                                              08/09/2017 16:40:10 PAGE 3   

 117   3                              Stop();                                                          
 118   3                              Delay1ms(150);
 119   3                              Right();                                
 120   3                              break;
 121   3                      }
 122   2                      
 123   2                      case 8:                   
 124   2                      {
 125   3                              Stop();
 126   3                              break;                                
 127   3                      }
 128   2              }
 129   1      }
 130          
 131          void Robot_Avoidance()       //壁障           
 132          {
 133   1      
 134   1              LeftLed = LeftIR;                        
 135   1              RightLed =RightIR;                     
 136   1              FontLled = FontIR; 
 137   1      
 138   1              if(FontIR == 0)                        
 139   1              {
 140   2                      ControlCar(8);                       
 141   2                      delay_nms (300);                                           
 142   2                      ControlCar(2);                                    
 143   2                      delay_nms (1000);                                         
 144   2                      ControlCar(3);                                    
 145   2                      delay_nms (1800);       
 146   2              }
 147   1              else
 148   1              {
 149   2                      ControlCar(1);                     
 150   2                      delay_nms (10);
 151   2              }
 152   1              
 153   1              ControlCar(1);
 154   1      }
 155          
 156          void Robot_Traction()    //循迹                
 157          {
 158   1              LeftLed = LeftIR;                       
 159   1              RightLed = RightIR;                      
 160   1              FontLled = FontIR; 
 161   1              //SB1=LeftIR;
 162   1              if(LeftIR == 0 && RightIR == 0)    
 163   1              {
 164   2                      ControlCar(1);                     
 165   2                      delay_nms (10);
 166   2              }
 167   1      
 168   1              else if(LeftIR == 0 && RightIR == 1)             
 169   1              {
 170   2                      ControlCar(3);                      
 171   2                      delay_nms (10);
 172   2              }
 173   1      
 174   1              else if(LeftIR == 1 && RightIR == 0)            
 175   1              {
 176   2                      ControlCar(4);                      
 177   2                      delay_nms (10);
 178   2              }
C51 COMPILER V9.01   BSP_WORK                                                              08/09/2017 16:40:10 PAGE 4   

 179   1              
 180   1              ControlCar(8);
 181   1      }
 182          


MODULE INFORMATION:   STATIC OVERLAYABLE
   CODE SIZE        =    291    ----
   CONSTANT SIZE    =   ----    ----
   XDATA SIZE       =   ----    ----
   PDATA SIZE       =   ----    ----
   DATA SIZE        =   ----    ----
   IDATA SIZE       =   ----    ----
   BIT SIZE         =   ----    ----
END OF MODULE INFORMATION.


C51 COMPILATION COMPLETE.  0 WARNING(S),  0 ERROR(S)
