C51 COMPILER V9.01   BSP_DELAY                                                             08/09/2017 16:40:10 PAGE 1   


C51 COMPILER V9.01, COMPILATION OF MODULE BSP_DELAY
OBJECT MODULE PLACED IN .\Objects\bsp_delay.obj
COMPILER INVOKED BY: F:\Keil\Keil5\C51\BIN\C51.EXE bsp\src\bsp_delay.c OPTIMIZE(8,SPEED) BROWSE INCDIR(.\app\inc;.\bsp\i
                    -nc;.\bsp) DEBUG OBJECTEXTEND PRINT(.\Listings\bsp_delay.lst) OBJECT(.\Objects\bsp_delay.obj)

line level    source

   1          #include "bsp.h"
   2          
   3          
   4          void Delay1ms(unsigned int i) 
   5          { 
   6   1              unsigned char j,k; 
   7   1              do
   8   1              { 
   9   2                      j = 10; 
  10   2                      do
  11   2                      { 
  12   3                              k = 50; 
  13   3                              do
  14   3                              { 
  15   4                                      _nop_(); 
  16   4                              }while(--k);     
  17   3                      }while(--j); 
  18   2              }while(--i); 
  19   1      
  20   1      } 
  21          
  22          void delay_nus(unsigned int i)  
  23          { 
  24   1              i = i/10;
  25   1              while(--i);
  26   1      }   
  27          
  28          void delay_nms(unsigned int n)  
  29          { 
  30   1              n=n+1;
  31   1              while(--n)  
  32   1              delay_nus(900);        
  33   1        
  34   1      }  
  35          
  36          void delayms(unsigned char x)                         
  37          {
  38   1              unsigned char i;                                    
  39   1              while(x--)                                          
  40   1              {
  41   2                      for (i = 0; i<13; i++);                       
  42   2              }
  43   1      }
  44          
  45          void Delay()                                         
  46          { 
  47   1              unsigned int DelayTime=30000;                       
  48   1              while(DelayTime--);                                                                         
  49   1      }


MODULE INFORMATION:   STATIC OVERLAYABLE
   CODE SIZE        =     97    ----
   CONSTANT SIZE    =   ----    ----
C51 COMPILER V9.01   BSP_DELAY                                                             08/09/2017 16:40:10 PAGE 2   

   XDATA SIZE       =   ----    ----
   PDATA SIZE       =   ----    ----
   DATA SIZE        =   ----    ----
   IDATA SIZE       =   ----    ----
   BIT SIZE         =   ----    ----
END OF MODULE INFORMATION.


C51 COMPILATION COMPLETE.  0 WARNING(S),  0 ERROR(S)
