C51 COMPILER V9.01   BSP_IR                                                                08/09/2017 16:40:10 PAGE 1   


C51 COMPILER V9.01, COMPILATION OF MODULE BSP_IR
OBJECT MODULE PLACED IN .\Objects\bsp_ir.obj
COMPILER INVOKED BY: F:\Keil\Keil5\C51\BIN\C51.EXE bsp\src\bsp_ir.c OPTIMIZE(8,SPEED) BROWSE INCDIR(.\app\inc;.\bsp\inc;
                    -.\bsp) DEBUG OBJECTEXTEND PRINT(.\Listings\bsp_ir.lst) OBJECT(.\Objects\bsp_ir.obj)

line level    source

   1          #include "bsp.h"
   2          
   3          void IR_IN() interrupt 2 using 0                      
   4          {
   5   1              unsigned char j,k,N=0;                              
   6   1      
   7   1              EX1 = 0;                                              
   8   1              delayms(15);                                        
   9   1              if (IRIN==1)                                       
  10   1              {  
  11   2                      EX1 =1;                                         
  12   2                      return;                                         
  13   2              } 
  14   1                                                         
  15   1              while (!IRIN)                                       
  16   1              {
  17   2                delayms(1);                                     
  18   2              }
  19   1      
  20   1              for (j=0;j<4;j++)                                  
  21   1              { 
  22   2                      for (k=0;k<8;k++)                                 
  23   2                      {
  24   3                         while (IRIN)                                   
  25   3                         {
  26   4                                      delayms(1);                                  
  27   4                         }
  28   3                         
  29   3                         while (!IRIN)                                  
  30   3                         {
  31   4                                      delayms(1);                                  
  32   4                         }
  33   3      
  34   3                         while (IRIN)                                   
  35   3                         {
  36   4                                      delayms(1);                                  
  37   4                                      N++;                                         
  38   4                                      if (N>=30)                                   
  39   4                                      { 
  40   5                                              EX1=1;                                     
  41   5                                              return;                                     
  42   5                                      }                   
  43   4                         }
  44   3                                                                                         
  45   3                        IRCOM[j]=IRCOM[j] >> 1;                         
  46   3                       
  47   3                        if (N>=8)                                        
  48   3                        {
  49   4                                      IRCOM[j] = IRCOM[j] | 0x80;                  
  50   4                        } 
  51   3                        
  52   3                        N=0;                                            
  53   3                      }
  54   2              }
C51 COMPILER V9.01   BSP_IR                                                                08/09/2017 16:40:10 PAGE 2   

  55   1      
  56   1              if (IRCOM[2]!=~IRCOM[3])                            //?????????
  57   1              { 
  58   2                      EX1=1;                                           //??????
  59   2                      return;                                          //??
  60   2              }
  61   1      
  62   1              for(j=0;j<10;j++)                                   //????????
  63   1              {
  64   2                if(IRCOM[2]==RecvData[j])                       //??????
  65   2                {
  66   3                 // ControlCar(j);
  67   3                              ControlCar_yaokong(j);                               //?????????
  68   3                }
  69   2              } 
  70   1              
  71   1              EX1 = 1;                                           //????? 
  72   1      } 


MODULE INFORMATION:   STATIC OVERLAYABLE
   CODE SIZE        =    189    ----
   CONSTANT SIZE    =   ----    ----
   XDATA SIZE       =   ----    ----
   PDATA SIZE       =   ----    ----
   DATA SIZE        =   ----       3
   IDATA SIZE       =   ----    ----
   BIT SIZE         =   ----    ----
END OF MODULE INFORMATION.


C51 COMPILATION COMPLETE.  0 WARNING(S),  0 ERROR(S)
