C51 COMPILER V9.01   BSP_INT                                                               08/09/2017 16:40:10 PAGE 1   


C51 COMPILER V9.01, COMPILATION OF MODULE BSP_INT
OBJECT MODULE PLACED IN .\Objects\bsp_int.obj
COMPILER INVOKED BY: F:\Keil\Keil5\C51\BIN\C51.EXE bsp\src\bsp_int.c OPTIMIZE(8,SPEED) BROWSE INCDIR(.\app\inc;.\bsp\inc
                    -;.\bsp) DEBUG OBJECTEXTEND PRINT(.\Listings\bsp_int.lst) OBJECT(.\Objects\bsp_int.obj)

line level    source

   1          #include "bsp.h"
   2          
   3          void INIT1_Init()
   4          {
   5   1              IT1 = 1;
   6   1              EA = 1;
   7   1              //EX1 = 1;
   8   1      }
   9          
  10          void Init_Int0(void)
  11          {
  12   1         IT0=1;
  13   1         EX0=1;
  14   1         EA=1;
  15   1      
  16   1      }


MODULE INFORMATION:   STATIC OVERLAYABLE
   CODE SIZE        =     12    ----
   CONSTANT SIZE    =   ----    ----
   XDATA SIZE       =   ----    ----
   PDATA SIZE       =   ----    ----
   DATA SIZE        =   ----    ----
   IDATA SIZE       =   ----    ----
   BIT SIZE         =   ----    ----
END OF MODULE INFORMATION.


C51 COMPILATION COMPLETE.  0 WARNING(S),  0 ERROR(S)
