Added Component: Designator=BELL1(BELL)
Added Component: Designator=BT1(BAT-2)
Added Component: Designator=BT2(HDR1X2)
Added Component: Designator=C1(0805C)
Added Component: Designator=C2(0805C)
Added Component: Designator=C3(0805C)
Added Component: Designator=C4(0805C)
Added Component: Designator=C5(0805C)
Added Component: Designator=C6(0805C)
Added Component: Designator=C7(0805C)
Added Component: Designator=C8(0805C)
Added Component: Designator=CJ1(RB10U)
Added Component: Designator=CJ2(RB10U)
Added Component: Designator=CJ3(RB10U)
Added Component: Designator=D1(0805-LED)
Added Component: Designator=DS1(A)
Added Component: Designator=IC1(L293D)
Added Component: Designator=IC2(LM393)
Added Component: Designator=IR1(红外1838)
Added Component: Designator=LED1(0805-LED)
Added Component: Designator=LED2(0805-LED)
Added Component: Designator=P1(HDR1X9)
Added Component: Designator=P2(HDR1X2)
Added Component: Designator=P3(HDR1X2)
Added Component: Designator=P4(HDR1X9)
Added Component: Designator=Q1(TO-92A)
Added Component: Designator=R1(0805)
Added Component: Designator=R2(0805)
Added Component: Designator=R3(0805)
Added Component: Designator=R4(0805)
Added Component: Designator=R5(0805)
Added Component: Designator=R6(0805)
Added Component: Designator=R7(0805)
Added Component: Designator=R8(0805)
Added Component: Designator=R9(0805)
Added Component: Designator=R10(0805)
Added Component: Designator=R11(0805)
Added Component: Designator=R12(0805)
Added Component: Designator=R13(0805)
Added Component: Designator=R14(0805)
Added Component: Designator=R15(0805)
Added Component: Designator=R16(0805)
Added Component: Designator=R17(0805)
Added Component: Designator=R18(0805)
Added Component: Designator=RL1(AXIAL-0.4)
Added Component: Designator=S1(自锁开关)
Added Component: Designator=S2(SWD)
Added Component: Designator=SW1(SWD)
Added Component: Designator=SW2(SWD)
Added Component: Designator=U1(89c52)
Added Component: Designator=V1(红外管)
Added Component: Designator=V2(红外管)
Added Component: Designator=V3(红外管)
Added Component: Designator=V4(红外管)
Added Component: Designator=V5(红外管)
Added Component: Designator=V6(红外管)
Added Component: Designator=Y1(XTAL)
Added Pin To Net: NetName=NetBELL1_1 Pin=BELL1-1
Added Pin To Net: NetName=GND Pin=BELL1-2
Added Pin To Net: NetName=NetBT1_1 Pin=BT1-1
Added Pin To Net: NetName=GND Pin=BT1-2
Added Pin To Net: NetName=P3.1/TXD Pin=BT2-1
Added Pin To Net: NetName=P3.0/RXD Pin=BT2-2
Added Pin To Net: NetName=GND Pin=C1-1
Added Pin To Net: NetName=VCC Pin=C1-2
Added Pin To Net: NetName=NetC2_1 Pin=C2-1
Added Pin To Net: NetName=NetC2_2 Pin=C2-2
Added Pin To Net: NetName=GND Pin=C3-1
Added Pin To Net: NetName=VCC Pin=C3-2
Added Pin To Net: NetName=GND Pin=C4-1
Added Pin To Net: NetName=VCC Pin=C4-2
Added Pin To Net: NetName=NetC5_1 Pin=C5-1
Added Pin To Net: NetName=NetC5_2 Pin=C5-2
Added Pin To Net: NetName=GND Pin=C6-1
Added Pin To Net: NetName=XTAL1 Pin=C6-2
Added Pin To Net: NetName=GND Pin=C7-1
Added Pin To Net: NetName=XTAL2 Pin=C7-2
Added Pin To Net: NetName=GND Pin=C8-1
Added Pin To Net: NetName=NetC8_2 Pin=C8-2
Added Pin To Net: NetName=VCC Pin=CJ1-1
Added Pin To Net: NetName=GND Pin=CJ1-2
Added Pin To Net: NetName=VCC Pin=CJ2-1
Added Pin To Net: NetName=GND Pin=CJ2-2
Added Pin To Net: NetName=VCC Pin=CJ3-1
Added Pin To Net: NetName=RST Pin=CJ3-2
Added Pin To Net: NetName=NetD1_1 Pin=D1-1
Added Pin To Net: NetName=GND Pin=D1-2
Added Pin To Net: NetName=VCC Pin=DS1-1
Added Pin To Net: NetName=P2.2 Pin=DS1-2
Added Pin To Net: NetName=P2.1 Pin=DS1-3
Added Pin To Net: NetName=P2.3 Pin=DS1-4
Added Pin To Net: NetName=P2.4 Pin=DS1-5
Added Pin To Net: NetName=VCC Pin=DS1-6
Added Pin To Net: NetName=P2.0 Pin=DS1-7
Added Pin To Net: NetName=P2.5 Pin=DS1-8
Added Pin To Net: NetName=P2.6 Pin=DS1-9
Added Pin To Net: NetName=P2.7 Pin=DS1-10
Added Pin To Net: NetName=P1.0 Pin=IC1-1
Added Pin To Net: NetName=P0.0 Pin=IC1-2
Added Pin To Net: NetName=NetC2_2 Pin=IC1-3
Added Pin To Net: NetName=GND Pin=IC1-4
Added Pin To Net: NetName=GND Pin=IC1-5
Added Pin To Net: NetName=NetC2_1 Pin=IC1-6
Added Pin To Net: NetName=P0.1 Pin=IC1-7
Added Pin To Net: NetName=VCC Pin=IC1-8
Added Pin To Net: NetName=P1.1 Pin=IC1-9
Added Pin To Net: NetName=P0.2 Pin=IC1-10
Added Pin To Net: NetName=NetC5_2 Pin=IC1-11
Added Pin To Net: NetName=GND Pin=IC1-12
Added Pin To Net: NetName=GND Pin=IC1-13
Added Pin To Net: NetName=NetC5_1 Pin=IC1-14
Added Pin To Net: NetName=P0.3 Pin=IC1-15
Added Pin To Net: NetName=VCC Pin=IC1-16
Added Pin To Net: NetName=P3.7 Pin=IC2-1
Added Pin To Net: NetName=NetIC2_2 Pin=IC2-2
Added Pin To Net: NetName=NetIC2_3 Pin=IC2-3
Added Pin To Net: NetName=GND Pin=IC2-4
Added Pin To Net: NetName=VCC Pin=IC2-8
Added Pin To Net: NetName=NetLED1_1 Pin=LED1-1
Added Pin To Net: NetName=P2.0 Pin=LED1-2
Added Pin To Net: NetName=NetLED2_1 Pin=LED2-1
Added Pin To Net: NetName=P0.7 Pin=P1-1
Added Pin To Net: NetName=P0.6 Pin=P1-2
Added Pin To Net: NetName=P0.5 Pin=P1-3
Added Pin To Net: NetName=P0.4 Pin=P1-4
Added Pin To Net: NetName=P0.3 Pin=P1-5
Added Pin To Net: NetName=P0.2 Pin=P1-6
Added Pin To Net: NetName=P0.1 Pin=P1-7
Added Pin To Net: NetName=P0.0 Pin=P1-8
Added Pin To Net: NetName=VCC Pin=P1-9
Added Pin To Net: NetName=NetC2_2 Pin=P2-1
Added Pin To Net: NetName=NetC2_1 Pin=P2-2
Added Pin To Net: NetName=NetC5_2 Pin=P3-1
Added Pin To Net: NetName=NetC5_1 Pin=P3-2
Added Pin To Net: NetName=P2.7 Pin=P4-1
Added Pin To Net: NetName=P2.6 Pin=P4-2
Added Pin To Net: NetName=P2.5 Pin=P4-3
Added Pin To Net: NetName=P2.4 Pin=P4-4
Added Pin To Net: NetName=P2.3 Pin=P4-5
Added Pin To Net: NetName=P2.2 Pin=P4-6
Added Pin To Net: NetName=P2.1 Pin=P4-7
Added Pin To Net: NetName=P2.0 Pin=P4-8
Added Pin To Net: NetName=VCC Pin=P4-9
Added Pin To Net: NetName=VCC Pin=Q1-1
Added Pin To Net: NetName=NetQ1_2 Pin=Q1-2
Added Pin To Net: NetName=NetBELL1_1 Pin=Q1-3
Added Pin To Net: NetName=VCC Pin=R1-1
Added Pin To Net: NetName=NetD1_1 Pin=R1-2
Added Pin To Net: NetName=P3.7 Pin=R2-1
Added Pin To Net: NetName=VCC Pin=R2-2
Added Pin To Net: NetName=NetIC2_2 Pin=R3-1
Added Pin To Net: NetName=VCC Pin=R3-2
Added Pin To Net: NetName=VCC Pin=R4-1
Added Pin To Net: NetName=NetR4_2 Pin=R4-2
Added Pin To Net: NetName=VCC Pin=R5-1
Added Pin To Net: NetName=P3.5 Pin=R5-2
Added Pin To Net: NetName=VCC Pin=R6-1
Added Pin To Net: NetName=NetR6_2 Pin=R6-2
Added Pin To Net: NetName=VCC Pin=R7-1
Added Pin To Net: NetName=P3.6 Pin=R7-2
Added Pin To Net: NetName=VCC Pin=R8-1
Added Pin To Net: NetName=NetR8_2 Pin=R8-2
Added Pin To Net: NetName=VCC Pin=R9-1
Added Pin To Net: NetName=NetIC2_3 Pin=R9-2
Added Pin To Net: NetName=GND Pin=R10-1
Added Pin To Net: NetName=NetIC2_2 Pin=R10-2
Added Pin To Net: NetName=GND Pin=R11-1
Added Pin To Net: NetName=RST Pin=R11-2
Added Pin To Net: NetName=VCC Pin=R12-1
Added Pin To Net: NetName=P0.5 Pin=R12-2
Added Pin To Net: NetName=NetQ1_2 Pin=R13-1
Added Pin To Net: NetName=P0.6 Pin=R13-2
Added Pin To Net: NetName=VCC Pin=R14-1
Added Pin To Net: NetName=P3.4 Pin=R14-2
Added Pin To Net: NetName=VCC Pin=R15-1
Added Pin To Net: NetName=P3.2 Pin=R15-2
Added Pin To Net: NetName=VCC Pin=R16-1
Added Pin To Net: NetName=NetLED1_1 Pin=R16-2
Added Pin To Net: NetName=VCC Pin=R17-1
Added Pin To Net: NetName=NetLED2_1 Pin=R17-2
Added Pin To Net: NetName=NetC8_2 Pin=R18-1
Added Pin To Net: NetName=VCC Pin=R18-2
Added Pin To Net: NetName=GND Pin=RL1-1
Added Pin To Net: NetName=P0.5 Pin=RL1-2
Added Pin To Net: NetName=NetBT1_1 Pin=S1-3
Added Pin To Net: NetName=VCC Pin=S1-5
Added Pin To Net: NetName=RST Pin=S2-1
Added Pin To Net: NetName=VCC Pin=S2-2
Added Pin To Net: NetName=GND Pin=SW1-1
Added Pin To Net: NetName=P3.4 Pin=SW1-2
Added Pin To Net: NetName=GND Pin=SW2-1
Added Pin To Net: NetName=P3.2 Pin=SW2-2
Added Pin To Net: NetName=P1.0 Pin=U1-1
Added Pin To Net: NetName=P1.1 Pin=U1-2
Added Pin To Net: NetName=P1.2 Pin=U1-3
Added Pin To Net: NetName=P1.3 Pin=U1-4
Added Pin To Net: NetName=P1.4 Pin=U1-5
Added Pin To Net: NetName=P1.5 Pin=U1-6
Added Pin To Net: NetName=P1.6 Pin=U1-7
Added Pin To Net: NetName=P1.7 Pin=U1-8
Added Pin To Net: NetName=RST Pin=U1-9
Added Pin To Net: NetName=P3.0/RXD Pin=U1-10
Added Pin To Net: NetName=P3.1/TXD Pin=U1-11
Added Pin To Net: NetName=P3.2 Pin=U1-12
Added Pin To Net: NetName=P3.3 Pin=U1-13
Added Pin To Net: NetName=P3.4 Pin=U1-14
Added Pin To Net: NetName=P3.5 Pin=U1-15
Added Pin To Net: NetName=P3.6 Pin=U1-16
Added Pin To Net: NetName=P3.7 Pin=U1-17
Added Pin To Net: NetName=XTAL2 Pin=U1-18
Added Pin To Net: NetName=XTAL1 Pin=U1-19
Added Pin To Net: NetName=GND Pin=U1-20
Added Pin To Net: NetName=P2.0 Pin=U1-21
Added Pin To Net: NetName=P2.1 Pin=U1-22
Added Pin To Net: NetName=P2.2 Pin=U1-23
Added Pin To Net: NetName=P2.3 Pin=U1-24
Added Pin To Net: NetName=P2.4 Pin=U1-25
Added Pin To Net: NetName=P2.5 Pin=U1-26
Added Pin To Net: NetName=P2.6 Pin=U1-27
Added Pin To Net: NetName=P2.7 Pin=U1-28
Added Pin To Net: NetName=VCC Pin=U1-31
Added Pin To Net: NetName=P0.7 Pin=U1-32
Added Pin To Net: NetName=P0.6 Pin=U1-33
Added Pin To Net: NetName=P0.5 Pin=U1-34
Added Pin To Net: NetName=P0.4 Pin=U1-35
Added Pin To Net: NetName=P0.3 Pin=U1-36
Added Pin To Net: NetName=P0.2 Pin=U1-37
Added Pin To Net: NetName=P0.1 Pin=U1-38
Added Pin To Net: NetName=P0.0 Pin=U1-39
Added Pin To Net: NetName=VCC Pin=U1-40
Added Pin To Net: NetName=NetR8_2 Pin=V1-1
Added Pin To Net: NetName=GND Pin=V1-2
Added Pin To Net: NetName=GND Pin=V2-1
Added Pin To Net: NetName=NetIC2_3 Pin=V2-2
Added Pin To Net: NetName=NetR4_2 Pin=V3-1
Added Pin To Net: NetName=GND Pin=V3-2
Added Pin To Net: NetName=GND Pin=V4-1
Added Pin To Net: NetName=P3.5 Pin=V4-2
Added Pin To Net: NetName=NetR6_2 Pin=V5-1
Added Pin To Net: NetName=GND Pin=V5-2
Added Pin To Net: NetName=GND Pin=V6-1
Added Pin To Net: NetName=P3.6 Pin=V6-2
Added Pin To Net: NetName=XTAL2 Pin=Y1-1
Added Pin To Net: NetName=XTAL1 Pin=Y1-2
Added Member To Class: ClassName=car Member=Component BELL1 BELL
Added Member To Class: ClassName=car Member=Component BT1 Battery
Added Member To Class: ClassName=car Member=Component BT2 Header 2
Added Member To Class: ClassName=car Member=Component C1 Cap
Added Member To Class: ClassName=car Member=Component C2 Cap
Added Member To Class: ClassName=car Member=Component C3 Cap
Added Member To Class: ClassName=car Member=Component C4 Cap
Added Member To Class: ClassName=car Member=Component C5 Cap
Added Member To Class: ClassName=car Member=Component C6 Cap
Added Member To Class: ClassName=car Member=Component C7 Cap
Added Member To Class: ClassName=car Member=Component C8 Cap
Added Member To Class: ClassName=car Member=Component CJ1 
Added Member To Class: ClassName=car Member=Component CJ2 
Added Member To Class: ClassName=car Member=Component CJ3 
Added Member To Class: ClassName=car Member=Component D1 LED0
Added Member To Class: ClassName=car Member=Component DS1 Dpy Amber-CA
Added Member To Class: ClassName=car Member=Component IC1 L293D
Added Member To Class: ClassName=car Member=Component IC2 LM393
Added Member To Class: ClassName=car Member=Component IR1 红外1838
Added Member To Class: ClassName=car Member=Component LED1 LED
Added Member To Class: ClassName=car Member=Component LED2 LED
Added Member To Class: ClassName=car Member=Component P1 Header 9
Added Member To Class: ClassName=car Member=Component P2 Header 2
Added Member To Class: ClassName=car Member=Component P3 Header 2
Added Member To Class: ClassName=car Member=Component P4 Header 9
Added Member To Class: ClassName=car Member=Component Q1 2N3906
Added Member To Class: ClassName=car Member=Component Q2 2N3906
Added Member To Class: ClassName=car Member=Component R1 Res2
Added Member To Class: ClassName=car Member=Component R2 Res2
Added Member To Class: ClassName=car Member=Component R3 Res2
Added Member To Class: ClassName=car Member=Component R4 Res2
Added Member To Class: ClassName=car Member=Component R5 Res2
Added Member To Class: ClassName=car Member=Component R6 Res2
Added Member To Class: ClassName=car Member=Component R7 Res2
Added Member To Class: ClassName=car Member=Component R8 Res2
Added Member To Class: ClassName=car Member=Component R9 Res2
Added Member To Class: ClassName=car Member=Component R10 Res2
Added Member To Class: ClassName=car Member=Component R11 Res2
Added Member To Class: ClassName=car Member=Component R12 Res2
Added Member To Class: ClassName=car Member=Component R13 Res2
Added Member To Class: ClassName=car Member=Component R14 Res2
Added Member To Class: ClassName=car Member=Component R15 Res2
Added Member To Class: ClassName=car Member=Component R16 Res2
Added Member To Class: ClassName=car Member=Component R17 Res2
Added Member To Class: ClassName=car Member=Component R18 Res2
Added Member To Class: ClassName=car Member=Component R19 Res2
Added Member To Class: ClassName=car Member=Component RL1 Res2
Added Member To Class: ClassName=car Member=Component S1 自锁开关
Added Member To Class: ClassName=car Member=Component S2 
Added Member To Class: ClassName=car Member=Component SW1 SW
Added Member To Class: ClassName=car Member=Component SW2 SW
Added Member To Class: ClassName=car Member=Component U1 AT89C51
Added Member To Class: ClassName=car Member=Component V1 红外管
Added Member To Class: ClassName=car Member=Component V2 红外管
Added Member To Class: ClassName=car Member=Component V3 红外管
Added Member To Class: ClassName=car Member=Component V4 红外管
Added Member To Class: ClassName=car Member=Component V5 红外管
Added Member To Class: ClassName=car Member=Component V6 红外管
Added Member To Class: ClassName=car Member=Component Y1 11.0592MHZ
Added Room: Name=car
